2025-07-31 22:35:16.546 [TestNG-PoolService-0] INFO  com.automation.config.ConfigManager - Configuration properties loaded successfully
2025-07-31 22:35:16.547 [TestNG-PoolService-0] INFO  com.automation.hooks.Hooks - Starting test execution
2025-07-31 22:35:16.547 [TestNG-PoolService-1] INFO  com.automation.hooks.Hooks - Starting test execution
2025-07-31 22:35:16.547 [TestNG-PoolService-4] INFO  com.automation.hooks.Hooks - Starting test execution
2025-07-31 22:35:16.547 [TestNG-PoolService-5] INFO  com.automation.hooks.Hooks - Starting test execution
2025-07-31 22:35:16.547 [TestNG-PoolService-2] INFO  com.automation.hooks.Hooks - Starting test execution
2025-07-31 22:35:16.547 [TestNG-PoolService-3] INFO  com.automation.hooks.Hooks - Starting test execution
2025-07-31 22:35:16.549 [TestNG-PoolService-2] INFO  com.automation.hooks.Hooks - Starting scenario: Search with No Results
2025-07-31 22:35:16.549 [TestNG-PoolService-3] INFO  com.automation.hooks.Hooks - Starting scenario: Search Suggestions
2025-07-31 22:35:16.549 [TestNG-PoolService-4] INFO  com.automation.hooks.Hooks - Starting scenario: Advanced Search with Quotes
2025-07-31 22:35:16.549 [TestNG-PoolService-5] INFO  com.automation.hooks.Hooks - Starting scenario: Clear Search Results
2025-07-31 22:35:16.549 [TestNG-PoolService-0] INFO  com.automation.hooks.Hooks - Starting scenario: Basic Google Search
2025-07-31 22:35:16.549 [TestNG-PoolService-1] INFO  com.automation.hooks.Hooks - Starting scenario: Search with Multiple Results
2025-07-31 22:35:16.550 [TestNG-PoolService-3] WARN  com.automation.drivers.DriverManager - No WebDriver found for thread: 22, creating new instance
2025-07-31 22:35:16.550 [TestNG-PoolService-5] WARN  com.automation.drivers.DriverManager - No WebDriver found for thread: 24, creating new instance
2025-07-31 22:35:16.550 [TestNG-PoolService-1] WARN  com.automation.drivers.DriverManager - No WebDriver found for thread: 20, creating new instance
2025-07-31 22:35:16.550 [TestNG-PoolService-2] WARN  com.automation.drivers.DriverManager - No WebDriver found for thread: 21, creating new instance
2025-07-31 22:35:16.550 [TestNG-PoolService-4] WARN  com.automation.drivers.DriverManager - No WebDriver found for thread: 23, creating new instance
2025-07-31 22:35:16.550 [TestNG-PoolService-0] WARN  com.automation.drivers.DriverManager - No WebDriver found for thread: 19, creating new instance
2025-07-31 22:35:16.550 [TestNG-PoolService-5] INFO  com.automation.drivers.DriverManager - Initializing chrome browser for thread: 24
2025-07-31 22:35:16.550 [TestNG-PoolService-3] INFO  com.automation.drivers.DriverManager - Initializing chrome browser for thread: 22
2025-07-31 22:35:16.550 [TestNG-PoolService-1] INFO  com.automation.drivers.DriverManager - Initializing chrome browser for thread: 20
2025-07-31 22:35:16.550 [TestNG-PoolService-2] INFO  com.automation.drivers.DriverManager - Initializing chrome browser for thread: 21
2025-07-31 22:35:16.550 [TestNG-PoolService-4] INFO  com.automation.drivers.DriverManager - Initializing chrome browser for thread: 23
2025-07-31 22:35:16.550 [TestNG-PoolService-0] INFO  com.automation.drivers.DriverManager - Initializing chrome browser for thread: 19
2025-07-31 22:35:18.437 [TestNG-PoolService-1] INFO  com.automation.hooks.Hooks - Finishing scenario: Search with Multiple Results
2025-07-31 22:35:18.437 [TestNG-PoolService-3] INFO  com.automation.hooks.Hooks - Finishing scenario: Search Suggestions
2025-07-31 22:35:18.438 [TestNG-PoolService-1] INFO  com.automation.hooks.Hooks - Scenario failed, taking screenshot
2025-07-31 22:35:18.438 [TestNG-PoolService-3] INFO  com.automation.hooks.Hooks - Scenario failed, taking screenshot
2025-07-31 22:35:18.438 [TestNG-PoolService-1] WARN  com.automation.drivers.DriverManager - No WebDriver found for thread: 20, creating new instance
2025-07-31 22:35:18.438 [TestNG-PoolService-3] WARN  com.automation.drivers.DriverManager - No WebDriver found for thread: 22, creating new instance
2025-07-31 22:35:18.438 [TestNG-PoolService-1] INFO  com.automation.drivers.DriverManager - Initializing chrome browser for thread: 20
2025-07-31 22:35:18.438 [TestNG-PoolService-3] INFO  com.automation.drivers.DriverManager - Initializing chrome browser for thread: 22
2025-07-31 22:35:18.530 [TestNG-PoolService-5] INFO  com.automation.hooks.Hooks - Finishing scenario: Clear Search Results
2025-07-31 22:35:18.530 [TestNG-PoolService-5] INFO  com.automation.hooks.Hooks - Scenario failed, taking screenshot
2025-07-31 22:35:18.530 [TestNG-PoolService-5] WARN  com.automation.drivers.DriverManager - No WebDriver found for thread: 24, creating new instance
2025-07-31 22:35:18.530 [TestNG-PoolService-5] INFO  com.automation.drivers.DriverManager - Initializing chrome browser for thread: 24
2025-07-31 22:35:18.580 [TestNG-PoolService-3] ERROR com.automation.hooks.Hooks - Failed to take screenshot: Could not start a new session. Response code 500. Message: session not created
from unknown error: cannot find Chrome binary 
Host info: host: 'Mrityunjoys-Mac-mini.local', ip: '127.0.0.1'
Build info: version: '4.15.0', revision: '1d14b5521b'
System info: os.name: 'Mac OS X', os.arch: 'aarch64', os.version: '15.5', java.version: '17.0.16'
Driver info: org.openqa.selenium.chrome.ChromeDriver
Command: [null, newSession {capabilities=[Capabilities {browserName: chrome, goog:chromeOptions: {args: [--no-sandbox, --disable-dev-shm-usage, --disable-gpu, --window-size=1920x1080, --remote-allow-origins=*], extensions: []}}]}]
2025-07-31 22:35:18.580 [TestNG-PoolService-3] INFO  com.automation.hooks.Hooks - Scenario completed: Search Suggestions - Status: FAILED
2025-07-31 22:35:18.581 [TestNG-PoolService-3] INFO  com.automation.hooks.Hooks - Test execution completed
2025-07-31 22:35:18.581 [TestNG-PoolService-3] INFO  com.automation.drivers.DriverManager - Quitting all WebDrivers
2025-07-31 22:35:18.587 [TestNG-PoolService-1] ERROR com.automation.hooks.Hooks - Failed to take screenshot: Could not start a new session. Response code 500. Message: session not created
from unknown error: cannot find Chrome binary 
Host info: host: 'Mrityunjoys-Mac-mini.local', ip: '127.0.0.1'
Build info: version: '4.15.0', revision: '1d14b5521b'
System info: os.name: 'Mac OS X', os.arch: 'aarch64', os.version: '15.5', java.version: '17.0.16'
Driver info: org.openqa.selenium.chrome.ChromeDriver
Command: [null, newSession {capabilities=[Capabilities {browserName: chrome, goog:chromeOptions: {args: [--no-sandbox, --disable-dev-shm-usage, --disable-gpu, --window-size=1920x1080, --remote-allow-origins=*], extensions: []}}]}]
2025-07-31 22:35:18.587 [TestNG-PoolService-1] INFO  com.automation.hooks.Hooks - Scenario completed: Search with Multiple Results - Status: FAILED
2025-07-31 22:35:18.587 [TestNG-PoolService-1] INFO  com.automation.hooks.Hooks - Test execution completed
2025-07-31 22:35:18.588 [TestNG-PoolService-1] INFO  com.automation.drivers.DriverManager - Quitting all WebDrivers
2025-07-31 22:35:18.685 [TestNG-PoolService-5] ERROR com.automation.hooks.Hooks - Failed to take screenshot: Could not start a new session. Response code 500. Message: session not created
from unknown error: cannot find Chrome binary 
Host info: host: 'Mrityunjoys-Mac-mini.local', ip: '127.0.0.1'
Build info: version: '4.15.0', revision: '1d14b5521b'
System info: os.name: 'Mac OS X', os.arch: 'aarch64', os.version: '15.5', java.version: '17.0.16'
Driver info: org.openqa.selenium.chrome.ChromeDriver
Command: [null, newSession {capabilities=[Capabilities {browserName: chrome, goog:chromeOptions: {args: [--no-sandbox, --disable-dev-shm-usage, --disable-gpu, --window-size=1920x1080, --remote-allow-origins=*], extensions: []}}]}]
2025-07-31 22:35:18.685 [TestNG-PoolService-5] INFO  com.automation.hooks.Hooks - Scenario completed: Clear Search Results - Status: FAILED
2025-07-31 22:35:18.685 [TestNG-PoolService-5] INFO  com.automation.hooks.Hooks - Test execution completed
2025-07-31 22:35:18.685 [TestNG-PoolService-5] INFO  com.automation.drivers.DriverManager - Quitting all WebDrivers
2025-07-31 22:35:18.715 [TestNG-PoolService-2] INFO  com.automation.hooks.Hooks - Finishing scenario: Search with No Results
2025-07-31 22:35:18.715 [TestNG-PoolService-2] INFO  com.automation.hooks.Hooks - Scenario failed, taking screenshot
2025-07-31 22:35:18.715 [TestNG-PoolService-2] WARN  com.automation.drivers.DriverManager - No WebDriver found for thread: 21, creating new instance
2025-07-31 22:35:18.715 [TestNG-PoolService-2] INFO  com.automation.drivers.DriverManager - Initializing chrome browser for thread: 21
2025-07-31 22:35:18.837 [TestNG-PoolService-4] INFO  com.automation.hooks.Hooks - Finishing scenario: Advanced Search with Quotes
2025-07-31 22:35:18.837 [TestNG-PoolService-4] INFO  com.automation.hooks.Hooks - Scenario failed, taking screenshot
2025-07-31 22:35:18.837 [TestNG-PoolService-4] WARN  com.automation.drivers.DriverManager - No WebDriver found for thread: 23, creating new instance
2025-07-31 22:35:18.837 [TestNG-PoolService-4] INFO  com.automation.drivers.DriverManager - Initializing chrome browser for thread: 23
2025-07-31 22:35:18.845 [TestNG-PoolService-2] ERROR com.automation.hooks.Hooks - Failed to take screenshot: Could not start a new session. Response code 500. Message: session not created
from unknown error: cannot find Chrome binary 
Host info: host: 'Mrityunjoys-Mac-mini.local', ip: '127.0.0.1'
Build info: version: '4.15.0', revision: '1d14b5521b'
System info: os.name: 'Mac OS X', os.arch: 'aarch64', os.version: '15.5', java.version: '17.0.16'
Driver info: org.openqa.selenium.chrome.ChromeDriver
Command: [null, newSession {capabilities=[Capabilities {browserName: chrome, goog:chromeOptions: {args: [--no-sandbox, --disable-dev-shm-usage, --disable-gpu, --window-size=1920x1080, --remote-allow-origins=*], extensions: []}}]}]
2025-07-31 22:35:18.846 [TestNG-PoolService-2] INFO  com.automation.hooks.Hooks - Scenario completed: Search with No Results - Status: FAILED
2025-07-31 22:35:18.846 [TestNG-PoolService-2] INFO  com.automation.hooks.Hooks - Test execution completed
2025-07-31 22:35:18.846 [TestNG-PoolService-2] INFO  com.automation.drivers.DriverManager - Quitting all WebDrivers
2025-07-31 22:35:19.016 [TestNG-PoolService-0] INFO  com.automation.hooks.Hooks - Finishing scenario: Basic Google Search
2025-07-31 22:35:19.016 [TestNG-PoolService-0] INFO  com.automation.hooks.Hooks - Scenario failed, taking screenshot
2025-07-31 22:35:19.016 [TestNG-PoolService-0] WARN  com.automation.drivers.DriverManager - No WebDriver found for thread: 19, creating new instance
2025-07-31 22:35:19.016 [TestNG-PoolService-0] INFO  com.automation.drivers.DriverManager - Initializing chrome browser for thread: 19
2025-07-31 22:35:19.055 [TestNG-PoolService-4] ERROR com.automation.hooks.Hooks - Failed to take screenshot: Could not start a new session. Response code 500. Message: session not created
from unknown error: cannot find Chrome binary 
Host info: host: 'Mrityunjoys-Mac-mini.local', ip: '127.0.0.1'
Build info: version: '4.15.0', revision: '1d14b5521b'
System info: os.name: 'Mac OS X', os.arch: 'aarch64', os.version: '15.5', java.version: '17.0.16'
Driver info: org.openqa.selenium.chrome.ChromeDriver
Command: [null, newSession {capabilities=[Capabilities {browserName: chrome, goog:chromeOptions: {args: [--no-sandbox, --disable-dev-shm-usage, --disable-gpu, --window-size=1920x1080, --remote-allow-origins=*], extensions: []}}]}]
2025-07-31 22:35:19.056 [TestNG-PoolService-4] INFO  com.automation.hooks.Hooks - Scenario completed: Advanced Search with Quotes - Status: FAILED
2025-07-31 22:35:19.056 [TestNG-PoolService-4] INFO  com.automation.hooks.Hooks - Test execution completed
2025-07-31 22:35:19.056 [TestNG-PoolService-4] INFO  com.automation.drivers.DriverManager - Quitting all WebDrivers
2025-07-31 22:35:19.143 [TestNG-PoolService-0] ERROR com.automation.hooks.Hooks - Failed to take screenshot: Could not start a new session. Response code 500. Message: session not created
from unknown error: cannot find Chrome binary 
Host info: host: 'Mrityunjoys-Mac-mini.local', ip: '127.0.0.1'
Build info: version: '4.15.0', revision: '1d14b5521b'
System info: os.name: 'Mac OS X', os.arch: 'aarch64', os.version: '15.5', java.version: '17.0.16'
Driver info: org.openqa.selenium.chrome.ChromeDriver
Command: [null, newSession {capabilities=[Capabilities {browserName: chrome, goog:chromeOptions: {args: [--no-sandbox, --disable-dev-shm-usage, --disable-gpu, --window-size=1920x1080, --remote-allow-origins=*], extensions: []}}]}]
2025-07-31 22:35:19.144 [TestNG-PoolService-0] INFO  com.automation.hooks.Hooks - Scenario completed: Basic Google Search - Status: FAILED
2025-07-31 22:35:19.144 [TestNG-PoolService-0] INFO  com.automation.hooks.Hooks - Test execution completed
2025-07-31 22:35:19.144 [TestNG-PoolService-0] INFO  com.automation.drivers.DriverManager - Quitting all WebDrivers
2025-07-31 22:35:50.608 [TestNG-PoolService-1] INFO  com.automation.config.ConfigManager - Configuration properties loaded successfully
2025-07-31 22:35:50.609 [TestNG-PoolService-1] INFO  com.automation.hooks.Hooks - Starting test execution
2025-07-31 22:35:50.609 [TestNG-PoolService-5] INFO  com.automation.hooks.Hooks - Starting test execution
2025-07-31 22:35:50.609 [TestNG-PoolService-7] INFO  com.automation.hooks.Hooks - Starting test execution
2025-07-31 22:35:50.609 [TestNG-PoolService-6] INFO  com.automation.hooks.Hooks - Starting test execution
2025-07-31 22:35:50.609 [TestNG-PoolService-9] INFO  com.automation.hooks.Hooks - Starting test execution
2025-07-31 22:35:50.609 [TestNG-PoolService-3] INFO  com.automation.hooks.Hooks - Starting test execution
2025-07-31 22:35:50.609 [TestNG-PoolService-4] INFO  com.automation.hooks.Hooks - Starting test execution
2025-07-31 22:35:50.609 [TestNG-PoolService-0] INFO  com.automation.hooks.Hooks - Starting test execution
2025-07-31 22:35:50.609 [TestNG-PoolService-2] INFO  com.automation.hooks.Hooks - Starting test execution
2025-07-31 22:35:50.609 [TestNG-PoolService-8] INFO  com.automation.hooks.Hooks - Starting test execution
2025-07-31 22:35:50.612 [TestNG-PoolService-8] INFO  com.automation.hooks.Hooks - Starting scenario: Get Comments for a Post
2025-07-31 22:35:50.612 [TestNG-PoolService-3] INFO  com.automation.hooks.Hooks - Starting scenario: Create New Post
2025-07-31 22:35:50.612 [TestNG-PoolService-5] INFO  com.automation.hooks.Hooks - Starting scenario: Partially Update Post
2025-07-31 22:35:50.612 [TestNG-PoolService-1] INFO  com.automation.hooks.Hooks - Starting scenario: Get Single Post
2025-07-31 22:35:50.612 [TestNG-PoolService-6] INFO  com.automation.hooks.Hooks - Starting scenario: Delete Post
2025-07-31 22:35:50.612 [TestNG-PoolService-7] INFO  com.automation.hooks.Hooks - Starting scenario: Get Posts by User ID
2025-07-31 22:35:50.612 [TestNG-PoolService-2] INFO  com.automation.hooks.Hooks - Starting scenario: Get Non-existent Post
2025-07-31 22:35:50.612 [TestNG-PoolService-4] INFO  com.automation.hooks.Hooks - Starting scenario: Update Existing Post
2025-07-31 22:35:50.612 [TestNG-PoolService-9] INFO  com.automation.hooks.Hooks - Starting scenario: Get All Users
2025-07-31 22:35:50.612 [TestNG-PoolService-0] INFO  com.automation.hooks.Hooks - Starting scenario: Get All Posts
2025-07-31 22:35:50.612 [TestNG-PoolService-8] WARN  com.automation.drivers.DriverManager - No WebDriver found for thread: 27, creating new instance
2025-07-31 22:35:50.612 [TestNG-PoolService-1] WARN  com.automation.drivers.DriverManager - No WebDriver found for thread: 20, creating new instance
2025-07-31 22:35:50.612 [TestNG-PoolService-4] WARN  com.automation.drivers.DriverManager - No WebDriver found for thread: 23, creating new instance
2025-07-31 22:35:50.612 [TestNG-PoolService-8] INFO  com.automation.drivers.DriverManager - Initializing chrome browser for thread: 27
2025-07-31 22:35:50.612 [TestNG-PoolService-5] WARN  com.automation.drivers.DriverManager - No WebDriver found for thread: 24, creating new instance
2025-07-31 22:35:50.612 [TestNG-PoolService-7] WARN  com.automation.drivers.DriverManager - No WebDriver found for thread: 26, creating new instance
2025-07-31 22:35:50.613 [TestNG-PoolService-4] INFO  com.automation.drivers.DriverManager - Initializing chrome browser for thread: 23
2025-07-31 22:35:50.612 [TestNG-PoolService-3] WARN  com.automation.drivers.DriverManager - No WebDriver found for thread: 22, creating new instance
2025-07-31 22:35:50.613 [TestNG-PoolService-5] INFO  com.automation.drivers.DriverManager - Initializing chrome browser for thread: 24
2025-07-31 22:35:50.612 [TestNG-PoolService-6] WARN  com.automation.drivers.DriverManager - No WebDriver found for thread: 25, creating new instance
2025-07-31 22:35:50.612 [TestNG-PoolService-1] INFO  com.automation.drivers.DriverManager - Initializing chrome browser for thread: 20
2025-07-31 22:35:50.612 [TestNG-PoolService-0] WARN  com.automation.drivers.DriverManager - No WebDriver found for thread: 19, creating new instance
2025-07-31 22:35:50.612 [TestNG-PoolService-2] WARN  com.automation.drivers.DriverManager - No WebDriver found for thread: 21, creating new instance
2025-07-31 22:35:50.612 [TestNG-PoolService-9] WARN  com.automation.drivers.DriverManager - No WebDriver found for thread: 28, creating new instance
2025-07-31 22:35:50.613 [TestNG-PoolService-6] INFO  com.automation.drivers.DriverManager - Initializing chrome browser for thread: 25
2025-07-31 22:35:50.613 [TestNG-PoolService-3] INFO  com.automation.drivers.DriverManager - Initializing chrome browser for thread: 22
2025-07-31 22:35:50.613 [TestNG-PoolService-2] INFO  com.automation.drivers.DriverManager - Initializing chrome browser for thread: 21
2025-07-31 22:35:50.613 [TestNG-PoolService-7] INFO  com.automation.drivers.DriverManager - Initializing chrome browser for thread: 26
2025-07-31 22:35:50.613 [TestNG-PoolService-9] INFO  com.automation.drivers.DriverManager - Initializing chrome browser for thread: 28
2025-07-31 22:35:50.613 [TestNG-PoolService-0] INFO  com.automation.drivers.DriverManager - Initializing chrome browser for thread: 19
2025-07-31 22:35:51.223 [TestNG-PoolService-4] INFO  com.automation.hooks.Hooks - Finishing scenario: Update Existing Post
2025-07-31 22:35:51.223 [TestNG-PoolService-4] INFO  com.automation.hooks.Hooks - Scenario failed, taking screenshot
2025-07-31 22:35:51.223 [TestNG-PoolService-4] WARN  com.automation.drivers.DriverManager - No WebDriver found for thread: 23, creating new instance
2025-07-31 22:35:51.224 [TestNG-PoolService-4] INFO  com.automation.drivers.DriverManager - Initializing chrome browser for thread: 23
2025-07-31 22:35:51.225 [TestNG-PoolService-2] INFO  com.automation.hooks.Hooks - Finishing scenario: Get Non-existent Post
2025-07-31 22:35:51.225 [TestNG-PoolService-2] INFO  com.automation.hooks.Hooks - Scenario failed, taking screenshot
2025-07-31 22:35:51.225 [TestNG-PoolService-2] WARN  com.automation.drivers.DriverManager - No WebDriver found for thread: 21, creating new instance
2025-07-31 22:35:51.225 [TestNG-PoolService-2] INFO  com.automation.drivers.DriverManager - Initializing chrome browser for thread: 21
2025-07-31 22:35:51.225 [TestNG-PoolService-0] INFO  com.automation.hooks.Hooks - Finishing scenario: Get All Posts
2025-07-31 22:35:51.225 [TestNG-PoolService-0] INFO  com.automation.hooks.Hooks - Scenario failed, taking screenshot
2025-07-31 22:35:51.225 [TestNG-PoolService-0] WARN  com.automation.drivers.DriverManager - No WebDriver found for thread: 19, creating new instance
2025-07-31 22:35:51.225 [TestNG-PoolService-8] INFO  com.automation.hooks.Hooks - Finishing scenario: Get Comments for a Post
2025-07-31 22:35:51.225 [TestNG-PoolService-0] INFO  com.automation.drivers.DriverManager - Initializing chrome browser for thread: 19
2025-07-31 22:35:51.225 [TestNG-PoolService-8] INFO  com.automation.hooks.Hooks - Scenario failed, taking screenshot
2025-07-31 22:35:51.226 [TestNG-PoolService-5] INFO  com.automation.hooks.Hooks - Finishing scenario: Partially Update Post
2025-07-31 22:35:51.226 [TestNG-PoolService-9] INFO  com.automation.hooks.Hooks - Finishing scenario: Get All Users
2025-07-31 22:35:51.226 [TestNG-PoolService-8] WARN  com.automation.drivers.DriverManager - No WebDriver found for thread: 27, creating new instance
2025-07-31 22:35:51.226 [TestNG-PoolService-5] INFO  com.automation.hooks.Hooks - Scenario failed, taking screenshot
2025-07-31 22:35:51.226 [TestNG-PoolService-9] INFO  com.automation.hooks.Hooks - Scenario failed, taking screenshot
2025-07-31 22:35:51.226 [TestNG-PoolService-8] INFO  com.automation.drivers.DriverManager - Initializing chrome browser for thread: 27
2025-07-31 22:35:51.226 [TestNG-PoolService-9] WARN  com.automation.drivers.DriverManager - No WebDriver found for thread: 28, creating new instance
2025-07-31 22:35:51.226 [TestNG-PoolService-5] WARN  com.automation.drivers.DriverManager - No WebDriver found for thread: 24, creating new instance
2025-07-31 22:35:51.226 [TestNG-PoolService-9] INFO  com.automation.drivers.DriverManager - Initializing chrome browser for thread: 28
2025-07-31 22:35:51.226 [TestNG-PoolService-5] INFO  com.automation.drivers.DriverManager - Initializing chrome browser for thread: 24
2025-07-31 22:35:51.226 [TestNG-PoolService-7] INFO  com.automation.hooks.Hooks - Finishing scenario: Get Posts by User ID
2025-07-31 22:35:51.226 [TestNG-PoolService-3] INFO  com.automation.hooks.Hooks - Finishing scenario: Create New Post
2025-07-31 22:35:51.226 [TestNG-PoolService-7] INFO  com.automation.hooks.Hooks - Scenario failed, taking screenshot
2025-07-31 22:35:51.227 [TestNG-PoolService-3] INFO  com.automation.hooks.Hooks - Scenario failed, taking screenshot
2025-07-31 22:35:51.227 [TestNG-PoolService-3] WARN  com.automation.drivers.DriverManager - No WebDriver found for thread: 22, creating new instance
2025-07-31 22:35:51.227 [TestNG-PoolService-7] WARN  com.automation.drivers.DriverManager - No WebDriver found for thread: 26, creating new instance
2025-07-31 22:35:51.227 [TestNG-PoolService-3] INFO  com.automation.drivers.DriverManager - Initializing chrome browser for thread: 22
2025-07-31 22:35:51.227 [TestNG-PoolService-1] INFO  com.automation.hooks.Hooks - Finishing scenario: Get Single Post
2025-07-31 22:35:51.227 [TestNG-PoolService-7] INFO  com.automation.drivers.DriverManager - Initializing chrome browser for thread: 26
2025-07-31 22:35:51.227 [TestNG-PoolService-6] INFO  com.automation.hooks.Hooks - Finishing scenario: Delete Post
2025-07-31 22:35:51.227 [TestNG-PoolService-1] INFO  com.automation.hooks.Hooks - Scenario failed, taking screenshot
2025-07-31 22:35:51.227 [TestNG-PoolService-6] INFO  com.automation.hooks.Hooks - Scenario failed, taking screenshot
2025-07-31 22:35:51.227 [TestNG-PoolService-1] WARN  com.automation.drivers.DriverManager - No WebDriver found for thread: 20, creating new instance
2025-07-31 22:35:51.227 [TestNG-PoolService-6] WARN  com.automation.drivers.DriverManager - No WebDriver found for thread: 25, creating new instance
2025-07-31 22:35:51.227 [TestNG-PoolService-1] INFO  com.automation.drivers.DriverManager - Initializing chrome browser for thread: 20
2025-07-31 22:35:51.227 [TestNG-PoolService-6] INFO  com.automation.drivers.DriverManager - Initializing chrome browser for thread: 25
2025-07-31 22:35:51.397 [TestNG-PoolService-9] ERROR com.automation.hooks.Hooks - Failed to take screenshot: Could not start a new session. Response code 500. Message: session not created
from unknown error: cannot find Chrome binary 
Host info: host: 'Mrityunjoys-Mac-mini.local', ip: '127.0.0.1'
Build info: version: '4.15.0', revision: '1d14b5521b'
System info: os.name: 'Mac OS X', os.arch: 'aarch64', os.version: '15.5', java.version: '17.0.16'
Driver info: org.openqa.selenium.chrome.ChromeDriver
Command: [null, newSession {capabilities=[Capabilities {browserName: chrome, goog:chromeOptions: {args: [--no-sandbox, --disable-dev-shm-usage, --disable-gpu, --window-size=1920x1080, --remote-allow-origins=*], extensions: []}}]}]
2025-07-31 22:35:51.397 [TestNG-PoolService-4] ERROR com.automation.hooks.Hooks - Failed to take screenshot: Could not start a new session. Response code 500. Message: session not created
from unknown error: cannot find Chrome binary 
Host info: host: 'Mrityunjoys-Mac-mini.local', ip: '127.0.0.1'
Build info: version: '4.15.0', revision: '1d14b5521b'
System info: os.name: 'Mac OS X', os.arch: 'aarch64', os.version: '15.5', java.version: '17.0.16'
Driver info: org.openqa.selenium.chrome.ChromeDriver
Command: [null, newSession {capabilities=[Capabilities {browserName: chrome, goog:chromeOptions: {args: [--no-sandbox, --disable-dev-shm-usage, --disable-gpu, --window-size=1920x1080, --remote-allow-origins=*], extensions: []}}]}]
2025-07-31 22:35:51.398 [TestNG-PoolService-4] INFO  com.automation.hooks.Hooks - Scenario completed: Update Existing Post - Status: FAILED
2025-07-31 22:35:51.398 [TestNG-PoolService-9] INFO  com.automation.hooks.Hooks - Scenario completed: Get All Users - Status: FAILED
2025-07-31 22:35:51.402 [TestNG-PoolService-9] INFO  com.automation.hooks.Hooks - Test execution completed
2025-07-31 22:35:51.403 [TestNG-PoolService-4] INFO  com.automation.hooks.Hooks - Test execution completed
2025-07-31 22:35:51.403 [TestNG-PoolService-9] INFO  com.automation.drivers.DriverManager - Quitting all WebDrivers
2025-07-31 22:35:51.403 [TestNG-PoolService-4] INFO  com.automation.drivers.DriverManager - Quitting all WebDrivers
2025-07-31 22:35:51.430 [TestNG-PoolService-6] ERROR com.automation.hooks.Hooks - Failed to take screenshot: Could not start a new session. Response code 500. Message: session not created
from unknown error: cannot find Chrome binary 
Host info: host: 'Mrityunjoys-Mac-mini.local', ip: '127.0.0.1'
Build info: version: '4.15.0', revision: '1d14b5521b'
System info: os.name: 'Mac OS X', os.arch: 'aarch64', os.version: '15.5', java.version: '17.0.16'
Driver info: org.openqa.selenium.chrome.ChromeDriver
Command: [null, newSession {capabilities=[Capabilities {browserName: chrome, goog:chromeOptions: {args: [--no-sandbox, --disable-dev-shm-usage, --disable-gpu, --window-size=1920x1080, --remote-allow-origins=*], extensions: []}}]}]
2025-07-31 22:35:51.430 [TestNG-PoolService-6] INFO  com.automation.hooks.Hooks - Scenario completed: Delete Post - Status: FAILED
2025-07-31 22:35:51.430 [TestNG-PoolService-6] INFO  com.automation.hooks.Hooks - Test execution completed
2025-07-31 22:35:51.430 [TestNG-PoolService-6] INFO  com.automation.drivers.DriverManager - Quitting all WebDrivers
2025-07-31 22:35:51.432 [TestNG-PoolService-1] ERROR com.automation.hooks.Hooks - Failed to take screenshot: Could not start a new session. Response code 500. Message: session not created
from unknown error: cannot find Chrome binary 
Host info: host: 'Mrityunjoys-Mac-mini.local', ip: '127.0.0.1'
Build info: version: '4.15.0', revision: '1d14b5521b'
System info: os.name: 'Mac OS X', os.arch: 'aarch64', os.version: '15.5', java.version: '17.0.16'
Driver info: org.openqa.selenium.chrome.ChromeDriver
Command: [null, newSession {capabilities=[Capabilities {browserName: chrome, goog:chromeOptions: {args: [--no-sandbox, --disable-dev-shm-usage, --disable-gpu, --window-size=1920x1080, --remote-allow-origins=*], extensions: []}}]}]
2025-07-31 22:35:51.432 [TestNG-PoolService-8] ERROR com.automation.hooks.Hooks - Failed to take screenshot: Could not start a new session. Response code 500. Message: session not created
from unknown error: cannot find Chrome binary 
Host info: host: 'Mrityunjoys-Mac-mini.local', ip: '127.0.0.1'
Build info: version: '4.15.0', revision: '1d14b5521b'
System info: os.name: 'Mac OS X', os.arch: 'aarch64', os.version: '15.5', java.version: '17.0.16'
Driver info: org.openqa.selenium.chrome.ChromeDriver
Command: [null, newSession {capabilities=[Capabilities {browserName: chrome, goog:chromeOptions: {args: [--no-sandbox, --disable-dev-shm-usage, --disable-gpu, --window-size=1920x1080, --remote-allow-origins=*], extensions: []}}]}]
2025-07-31 22:35:51.432 [TestNG-PoolService-1] INFO  com.automation.hooks.Hooks - Scenario completed: Get Single Post - Status: FAILED
2025-07-31 22:35:51.432 [TestNG-PoolService-2] ERROR com.automation.hooks.Hooks - Failed to take screenshot: Could not start a new session. Response code 500. Message: session not created
from unknown error: cannot find Chrome binary 
Host info: host: 'Mrityunjoys-Mac-mini.local', ip: '127.0.0.1'
Build info: version: '4.15.0', revision: '1d14b5521b'
System info: os.name: 'Mac OS X', os.arch: 'aarch64', os.version: '15.5', java.version: '17.0.16'
Driver info: org.openqa.selenium.chrome.ChromeDriver
Command: [null, newSession {capabilities=[Capabilities {browserName: chrome, goog:chromeOptions: {args: [--no-sandbox, --disable-dev-shm-usage, --disable-gpu, --window-size=1920x1080, --remote-allow-origins=*], extensions: []}}]}]
2025-07-31 22:35:51.432 [TestNG-PoolService-8] INFO  com.automation.hooks.Hooks - Scenario completed: Get Comments for a Post - Status: FAILED
2025-07-31 22:35:51.432 [TestNG-PoolService-3] ERROR com.automation.hooks.Hooks - Failed to take screenshot: Could not start a new session. Response code 500. Message: session not created
from unknown error: cannot find Chrome binary 
Host info: host: 'Mrityunjoys-Mac-mini.local', ip: '127.0.0.1'
Build info: version: '4.15.0', revision: '1d14b5521b'
System info: os.name: 'Mac OS X', os.arch: 'aarch64', os.version: '15.5', java.version: '17.0.16'
Driver info: org.openqa.selenium.chrome.ChromeDriver
Command: [null, newSession {capabilities=[Capabilities {browserName: chrome, goog:chromeOptions: {args: [--no-sandbox, --disable-dev-shm-usage, --disable-gpu, --window-size=1920x1080, --remote-allow-origins=*], extensions: []}}]}]
2025-07-31 22:35:51.432 [TestNG-PoolService-1] INFO  com.automation.hooks.Hooks - Test execution completed
2025-07-31 22:35:51.432 [TestNG-PoolService-5] ERROR com.automation.hooks.Hooks - Failed to take screenshot: Could not start a new session. Response code 500. Message: session not created
from unknown error: cannot find Chrome binary 
Host info: host: 'Mrityunjoys-Mac-mini.local', ip: '127.0.0.1'
Build info: version: '4.15.0', revision: '1d14b5521b'
System info: os.name: 'Mac OS X', os.arch: 'aarch64', os.version: '15.5', java.version: '17.0.16'
Driver info: org.openqa.selenium.chrome.ChromeDriver
Command: [null, newSession {capabilities=[Capabilities {browserName: chrome, goog:chromeOptions: {args: [--no-sandbox, --disable-dev-shm-usage, --disable-gpu, --window-size=1920x1080, --remote-allow-origins=*], extensions: []}}]}]
2025-07-31 22:35:51.432 [TestNG-PoolService-2] INFO  com.automation.hooks.Hooks - Scenario completed: Get Non-existent Post - Status: FAILED
2025-07-31 22:35:51.433 [TestNG-PoolService-8] INFO  com.automation.hooks.Hooks - Test execution completed
2025-07-31 22:35:51.433 [TestNG-PoolService-3] INFO  com.automation.hooks.Hooks - Scenario completed: Create New Post - Status: FAILED
2025-07-31 22:35:51.433 [TestNG-PoolService-1] INFO  com.automation.drivers.DriverManager - Quitting all WebDrivers
2025-07-31 22:35:51.433 [TestNG-PoolService-5] INFO  com.automation.hooks.Hooks - Scenario completed: Partially Update Post - Status: FAILED
2025-07-31 22:35:51.433 [TestNG-PoolService-8] INFO  com.automation.drivers.DriverManager - Quitting all WebDrivers
2025-07-31 22:35:51.433 [TestNG-PoolService-2] INFO  com.automation.hooks.Hooks - Test execution completed
2025-07-31 22:35:51.433 [TestNG-PoolService-2] INFO  com.automation.drivers.DriverManager - Quitting all WebDrivers
2025-07-31 22:35:51.433 [TestNG-PoolService-3] INFO  com.automation.hooks.Hooks - Test execution completed
2025-07-31 22:35:51.433 [TestNG-PoolService-3] INFO  com.automation.drivers.DriverManager - Quitting all WebDrivers
2025-07-31 22:35:51.434 [TestNG-PoolService-5] INFO  com.automation.hooks.Hooks - Test execution completed
2025-07-31 22:35:51.434 [TestNG-PoolService-5] INFO  com.automation.drivers.DriverManager - Quitting all WebDrivers
2025-07-31 22:35:51.438 [TestNG-PoolService-7] ERROR com.automation.hooks.Hooks - Failed to take screenshot: Could not start a new session. Response code 500. Message: session not created
from unknown error: cannot find Chrome binary 
Host info: host: 'Mrityunjoys-Mac-mini.local', ip: '127.0.0.1'
Build info: version: '4.15.0', revision: '1d14b5521b'
System info: os.name: 'Mac OS X', os.arch: 'aarch64', os.version: '15.5', java.version: '17.0.16'
Driver info: org.openqa.selenium.chrome.ChromeDriver
Command: [null, newSession {capabilities=[Capabilities {browserName: chrome, goog:chromeOptions: {args: [--no-sandbox, --disable-dev-shm-usage, --disable-gpu, --window-size=1920x1080, --remote-allow-origins=*], extensions: []}}]}]
2025-07-31 22:35:51.439 [TestNG-PoolService-7] INFO  com.automation.hooks.Hooks - Scenario completed: Get Posts by User ID - Status: FAILED
2025-07-31 22:35:51.439 [TestNG-PoolService-7] INFO  com.automation.hooks.Hooks - Test execution completed
2025-07-31 22:35:51.439 [TestNG-PoolService-7] INFO  com.automation.drivers.DriverManager - Quitting all WebDrivers
2025-07-31 22:35:51.440 [TestNG-PoolService-0] ERROR com.automation.hooks.Hooks - Failed to take screenshot: Could not start a new session. Response code 500. Message: session not created
from unknown error: cannot find Chrome binary 
Host info: host: 'Mrityunjoys-Mac-mini.local', ip: '127.0.0.1'
Build info: version: '4.15.0', revision: '1d14b5521b'
System info: os.name: 'Mac OS X', os.arch: 'aarch64', os.version: '15.5', java.version: '17.0.16'
Driver info: org.openqa.selenium.chrome.ChromeDriver
Command: [null, newSession {capabilities=[Capabilities {browserName: chrome, goog:chromeOptions: {args: [--no-sandbox, --disable-dev-shm-usage, --disable-gpu, --window-size=1920x1080, --remote-allow-origins=*], extensions: []}}]}]
2025-07-31 22:35:51.440 [TestNG-PoolService-0] INFO  com.automation.hooks.Hooks - Scenario completed: Get All Posts - Status: FAILED
2025-07-31 22:35:51.441 [TestNG-PoolService-0] INFO  com.automation.hooks.Hooks - Test execution completed
2025-07-31 22:35:51.441 [TestNG-PoolService-0] INFO  com.automation.drivers.DriverManager - Quitting all WebDrivers
2025-07-31 22:39:36.837 [TestNG-test=Surefire test-1] INFO  com.automation.config.ConfigManager - Configuration properties loaded successfully
2025-07-31 22:39:36.838 [TestNG-test=Surefire test-1] INFO  com.automation.hooks.Hooks - Starting test execution
2025-07-31 22:39:36.841 [TestNG-test=Surefire test-1] INFO  com.automation.hooks.Hooks - Starting scenario: Basic Google Search
2025-07-31 22:39:36.841 [TestNG-test=Surefire test-1] WARN  com.automation.drivers.DriverManager - No WebDriver found for thread: 17, creating new instance
2025-07-31 22:39:36.842 [TestNG-test=Surefire test-1] INFO  com.automation.drivers.DriverManager - Initializing safari browser for thread: 17
2025-07-31 22:39:37.320 [TestNG-test=Surefire test-1] INFO  com.automation.hooks.Hooks - Finishing scenario: Basic Google Search
2025-07-31 22:39:37.320 [TestNG-test=Surefire test-1] INFO  com.automation.hooks.Hooks - Scenario failed, taking screenshot
2025-07-31 22:39:37.320 [TestNG-test=Surefire test-1] WARN  com.automation.drivers.DriverManager - No WebDriver found for thread: 17, creating new instance
2025-07-31 22:39:37.320 [TestNG-test=Surefire test-1] INFO  com.automation.drivers.DriverManager - Initializing safari browser for thread: 17
2025-07-31 22:39:37.491 [TestNG-test=Surefire test-1] ERROR com.automation.hooks.Hooks - Failed to take screenshot: Could not start a new session. Possible causes are invalid address of the remote server or browser start-up failure. 
Host info: host: 'Mrityunjoys-Mac-mini.local', ip: '127.0.0.1'
Build info: version: '4.15.0', revision: '1d14b5521b'
System info: os.name: 'Mac OS X', os.arch: 'aarch64', os.version: '15.5', java.version: '17.0.16'
Driver info: org.openqa.selenium.safari.SafariDriver
Command: [null, newSession {capabilities=[Capabilities {browserName: safari, safari.cleanSession: true, safari.useSimulator: false}]}]
Capabilities {browserName: safari, safari.cleanSession: true, safari.useSimulator: false}
2025-07-31 22:39:37.491 [TestNG-test=Surefire test-1] INFO  com.automation.hooks.Hooks - Scenario completed: Basic Google Search - Status: FAILED
2025-07-31 22:39:37.491 [TestNG-test=Surefire test-1] INFO  com.automation.hooks.Hooks - Test execution completed
2025-07-31 22:39:37.492 [TestNG-test=Surefire test-1] INFO  com.automation.drivers.DriverManager - Quitting all WebDrivers
2025-07-31 22:39:42.604 [TestNG-PoolService-5] INFO  com.automation.config.ConfigManager - Configuration properties loaded successfully
2025-07-31 22:39:42.605 [TestNG-PoolService-5] INFO  com.automation.hooks.Hooks - Starting test execution
2025-07-31 22:39:42.605 [TestNG-PoolService-3] INFO  com.automation.hooks.Hooks - Starting test execution
2025-07-31 22:39:42.605 [TestNG-PoolService-9] INFO  com.automation.hooks.Hooks - Starting test execution
2025-07-31 22:39:42.605 [TestNG-PoolService-0] INFO  com.automation.hooks.Hooks - Starting test execution
2025-07-31 22:39:42.605 [TestNG-PoolService-4] INFO  com.automation.hooks.Hooks - Starting test execution
2025-07-31 22:39:42.605 [TestNG-PoolService-6] INFO  com.automation.hooks.Hooks - Starting test execution
2025-07-31 22:39:42.605 [TestNG-PoolService-2] INFO  com.automation.hooks.Hooks - Starting test execution
2025-07-31 22:39:42.605 [TestNG-PoolService-8] INFO  com.automation.hooks.Hooks - Starting test execution
2025-07-31 22:39:42.605 [TestNG-PoolService-7] INFO  com.automation.hooks.Hooks - Starting test execution
2025-07-31 22:39:42.605 [TestNG-PoolService-1] INFO  com.automation.hooks.Hooks - Starting test execution
2025-07-31 22:39:42.608 [TestNG-PoolService-1] INFO  com.automation.hooks.Hooks - Starting scenario: Get Single Post
2025-07-31 22:39:42.608 [TestNG-PoolService-9] INFO  com.automation.hooks.Hooks - Starting scenario: Get All Users
2025-07-31 22:39:42.608 [TestNG-PoolService-4] INFO  com.automation.hooks.Hooks - Starting scenario: Update Existing Post
2025-07-31 22:39:42.608 [TestNG-PoolService-2] INFO  com.automation.hooks.Hooks - Starting scenario: Get Non-existent Post
2025-07-31 22:39:42.608 [TestNG-PoolService-8] INFO  com.automation.hooks.Hooks - Starting scenario: Get Comments for a Post
2025-07-31 22:39:42.608 [TestNG-PoolService-7] INFO  com.automation.hooks.Hooks - Starting scenario: Get Posts by User ID
2025-07-31 22:39:42.608 [TestNG-PoolService-3] INFO  com.automation.hooks.Hooks - Starting scenario: Create New Post
2025-07-31 22:39:42.608 [TestNG-PoolService-5] INFO  com.automation.hooks.Hooks - Starting scenario: Partially Update Post
2025-07-31 22:39:42.608 [TestNG-PoolService-0] INFO  com.automation.hooks.Hooks - Starting scenario: Get All Posts
2025-07-31 22:39:42.608 [TestNG-PoolService-1] WARN  com.automation.drivers.DriverManager - No WebDriver found for thread: 20, creating new instance
2025-07-31 22:39:42.608 [TestNG-PoolService-4] WARN  com.automation.drivers.DriverManager - No WebDriver found for thread: 23, creating new instance
2025-07-31 22:39:42.608 [TestNG-PoolService-0] WARN  com.automation.drivers.DriverManager - No WebDriver found for thread: 19, creating new instance
2025-07-31 22:39:42.608 [TestNG-PoolService-9] WARN  com.automation.drivers.DriverManager - No WebDriver found for thread: 28, creating new instance
2025-07-31 22:39:42.608 [TestNG-PoolService-6] INFO  com.automation.hooks.Hooks - Starting scenario: Delete Post
2025-07-31 22:39:42.608 [TestNG-PoolService-1] INFO  com.automation.drivers.DriverManager - Initializing safari browser for thread: 20
2025-07-31 22:39:42.608 [TestNG-PoolService-2] WARN  com.automation.drivers.DriverManager - No WebDriver found for thread: 21, creating new instance
2025-07-31 22:39:42.608 [TestNG-PoolService-3] WARN  com.automation.drivers.DriverManager - No WebDriver found for thread: 22, creating new instance
2025-07-31 22:39:42.609 [TestNG-PoolService-9] INFO  com.automation.drivers.DriverManager - Initializing safari browser for thread: 28
2025-07-31 22:39:42.608 [TestNG-PoolService-8] WARN  com.automation.drivers.DriverManager - No WebDriver found for thread: 27, creating new instance
2025-07-31 22:39:42.608 [TestNG-PoolService-5] WARN  com.automation.drivers.DriverManager - No WebDriver found for thread: 24, creating new instance
2025-07-31 22:39:42.609 [TestNG-PoolService-3] INFO  com.automation.drivers.DriverManager - Initializing safari browser for thread: 22
2025-07-31 22:39:42.608 [TestNG-PoolService-7] WARN  com.automation.drivers.DriverManager - No WebDriver found for thread: 26, creating new instance
2025-07-31 22:39:42.609 [TestNG-PoolService-8] INFO  com.automation.drivers.DriverManager - Initializing safari browser for thread: 27
2025-07-31 22:39:42.609 [TestNG-PoolService-2] INFO  com.automation.drivers.DriverManager - Initializing safari browser for thread: 21
2025-07-31 22:39:42.609 [TestNG-PoolService-0] INFO  com.automation.drivers.DriverManager - Initializing safari browser for thread: 19
2025-07-31 22:39:42.609 [TestNG-PoolService-5] INFO  com.automation.drivers.DriverManager - Initializing safari browser for thread: 24
2025-07-31 22:39:42.609 [TestNG-PoolService-6] WARN  com.automation.drivers.DriverManager - No WebDriver found for thread: 25, creating new instance
2025-07-31 22:39:42.609 [TestNG-PoolService-7] INFO  com.automation.drivers.DriverManager - Initializing safari browser for thread: 26
2025-07-31 22:39:42.608 [TestNG-PoolService-4] INFO  com.automation.drivers.DriverManager - Initializing safari browser for thread: 23
2025-07-31 22:39:42.609 [TestNG-PoolService-6] INFO  com.automation.drivers.DriverManager - Initializing safari browser for thread: 25
2025-07-31 22:39:43.085 [TestNG-PoolService-5] INFO  com.automation.hooks.Hooks - Finishing scenario: Partially Update Post
2025-07-31 22:39:43.086 [TestNG-PoolService-5] INFO  com.automation.hooks.Hooks - Scenario failed, taking screenshot
2025-07-31 22:39:43.086 [TestNG-PoolService-5] WARN  com.automation.drivers.DriverManager - No WebDriver found for thread: 24, creating new instance
2025-07-31 22:39:43.086 [TestNG-PoolService-5] INFO  com.automation.drivers.DriverManager - Initializing safari browser for thread: 24
2025-07-31 22:39:43.086 [TestNG-PoolService-7] INFO  com.automation.hooks.Hooks - Finishing scenario: Get Posts by User ID
2025-07-31 22:39:43.087 [TestNG-PoolService-7] INFO  com.automation.hooks.Hooks - Scenario failed, taking screenshot
2025-07-31 22:39:43.087 [TestNG-PoolService-7] WARN  com.automation.drivers.DriverManager - No WebDriver found for thread: 26, creating new instance
2025-07-31 22:39:43.087 [TestNG-PoolService-7] INFO  com.automation.drivers.DriverManager - Initializing safari browser for thread: 26
2025-07-31 22:39:43.090 [TestNG-PoolService-1] INFO  com.automation.hooks.Hooks - Finishing scenario: Get Single Post
2025-07-31 22:39:43.091 [TestNG-PoolService-1] INFO  com.automation.hooks.Hooks - Scenario failed, taking screenshot
2025-07-31 22:39:43.091 [TestNG-PoolService-1] WARN  com.automation.drivers.DriverManager - No WebDriver found for thread: 20, creating new instance
2025-07-31 22:39:43.091 [TestNG-PoolService-1] INFO  com.automation.drivers.DriverManager - Initializing safari browser for thread: 20
2025-07-31 22:39:43.091 [TestNG-PoolService-8] INFO  com.automation.hooks.Hooks - Finishing scenario: Get Comments for a Post
2025-07-31 22:39:43.092 [TestNG-PoolService-8] INFO  com.automation.hooks.Hooks - Scenario failed, taking screenshot
2025-07-31 22:39:43.092 [TestNG-PoolService-8] WARN  com.automation.drivers.DriverManager - No WebDriver found for thread: 27, creating new instance
2025-07-31 22:39:43.092 [TestNG-PoolService-8] INFO  com.automation.drivers.DriverManager - Initializing safari browser for thread: 27
2025-07-31 22:39:43.094 [TestNG-PoolService-6] INFO  com.automation.hooks.Hooks - Finishing scenario: Delete Post
2025-07-31 22:39:43.095 [TestNG-PoolService-6] INFO  com.automation.hooks.Hooks - Scenario failed, taking screenshot
2025-07-31 22:39:43.095 [TestNG-PoolService-6] WARN  com.automation.drivers.DriverManager - No WebDriver found for thread: 25, creating new instance
2025-07-31 22:39:43.097 [TestNG-PoolService-6] INFO  com.automation.drivers.DriverManager - Initializing safari browser for thread: 25
2025-07-31 22:39:43.117 [TestNG-PoolService-0] INFO  com.automation.hooks.Hooks - Finishing scenario: Get All Posts
2025-07-31 22:39:43.118 [TestNG-PoolService-0] INFO  com.automation.hooks.Hooks - Scenario failed, taking screenshot
2025-07-31 22:39:43.118 [TestNG-PoolService-0] WARN  com.automation.drivers.DriverManager - No WebDriver found for thread: 19, creating new instance
2025-07-31 22:39:43.118 [TestNG-PoolService-0] INFO  com.automation.drivers.DriverManager - Initializing safari browser for thread: 19
2025-07-31 22:39:43.129 [TestNG-PoolService-4] INFO  com.automation.hooks.Hooks - Finishing scenario: Update Existing Post
2025-07-31 22:39:43.129 [TestNG-PoolService-4] INFO  com.automation.hooks.Hooks - Scenario failed, taking screenshot
2025-07-31 22:39:43.129 [TestNG-PoolService-4] WARN  com.automation.drivers.DriverManager - No WebDriver found for thread: 23, creating new instance
2025-07-31 22:39:43.129 [TestNG-PoolService-4] INFO  com.automation.drivers.DriverManager - Initializing safari browser for thread: 23
2025-07-31 22:39:43.130 [TestNG-PoolService-9] INFO  com.automation.hooks.Hooks - Finishing scenario: Get All Users
2025-07-31 22:39:43.130 [TestNG-PoolService-9] INFO  com.automation.hooks.Hooks - Scenario failed, taking screenshot
2025-07-31 22:39:43.130 [TestNG-PoolService-9] WARN  com.automation.drivers.DriverManager - No WebDriver found for thread: 28, creating new instance
2025-07-31 22:39:43.130 [TestNG-PoolService-9] INFO  com.automation.drivers.DriverManager - Initializing safari browser for thread: 28
2025-07-31 22:39:43.133 [TestNG-PoolService-3] INFO  com.automation.hooks.Hooks - Finishing scenario: Create New Post
2025-07-31 22:39:43.134 [TestNG-PoolService-3] INFO  com.automation.hooks.Hooks - Scenario failed, taking screenshot
2025-07-31 22:39:43.134 [TestNG-PoolService-3] WARN  com.automation.drivers.DriverManager - No WebDriver found for thread: 22, creating new instance
2025-07-31 22:39:43.134 [TestNG-PoolService-3] INFO  com.automation.drivers.DriverManager - Initializing safari browser for thread: 22
2025-07-31 22:39:43.134 [TestNG-PoolService-2] INFO  com.automation.hooks.Hooks - Finishing scenario: Get Non-existent Post
2025-07-31 22:39:43.134 [TestNG-PoolService-2] INFO  com.automation.hooks.Hooks - Scenario failed, taking screenshot
2025-07-31 22:39:43.134 [TestNG-PoolService-2] WARN  com.automation.drivers.DriverManager - No WebDriver found for thread: 21, creating new instance
2025-07-31 22:39:43.135 [TestNG-PoolService-2] INFO  com.automation.drivers.DriverManager - Initializing safari browser for thread: 21
2025-07-31 22:39:43.337 [TestNG-PoolService-4] ERROR com.automation.hooks.Hooks - Failed to take screenshot: Could not start a new session. Possible causes are invalid address of the remote server or browser start-up failure. 
Host info: host: 'Mrityunjoys-Mac-mini.local', ip: '127.0.0.1'
Build info: version: '4.15.0', revision: '1d14b5521b'
System info: os.name: 'Mac OS X', os.arch: 'aarch64', os.version: '15.5', java.version: '17.0.16'
Driver info: org.openqa.selenium.safari.SafariDriver
Command: [null, newSession {capabilities=[Capabilities {browserName: safari, safari.cleanSession: true, safari.useSimulator: false}]}]
Capabilities {browserName: safari, safari.cleanSession: true, safari.useSimulator: false}
2025-07-31 22:39:43.339 [TestNG-PoolService-9] ERROR com.automation.hooks.Hooks - Failed to take screenshot: Could not start a new session. Possible causes are invalid address of the remote server or browser start-up failure. 
Host info: host: 'Mrityunjoys-Mac-mini.local', ip: '127.0.0.1'
Build info: version: '4.15.0', revision: '1d14b5521b'
System info: os.name: 'Mac OS X', os.arch: 'aarch64', os.version: '15.5', java.version: '17.0.16'
Driver info: org.openqa.selenium.safari.SafariDriver
Command: [null, newSession {capabilities=[Capabilities {browserName: safari, safari.cleanSession: true, safari.useSimulator: false}]}]
Capabilities {browserName: safari, safari.cleanSession: true, safari.useSimulator: false}
2025-07-31 22:39:43.339 [TestNG-PoolService-4] INFO  com.automation.hooks.Hooks - Scenario completed: Update Existing Post - Status: FAILED
2025-07-31 22:39:43.340 [TestNG-PoolService-4] INFO  com.automation.hooks.Hooks - Test execution completed
2025-07-31 22:39:43.340 [TestNG-PoolService-9] INFO  com.automation.hooks.Hooks - Scenario completed: Get All Users - Status: FAILED
2025-07-31 22:39:43.340 [TestNG-PoolService-4] INFO  com.automation.drivers.DriverManager - Quitting all WebDrivers
2025-07-31 22:39:43.340 [TestNG-PoolService-9] INFO  com.automation.hooks.Hooks - Test execution completed
2025-07-31 22:39:43.340 [TestNG-PoolService-9] INFO  com.automation.drivers.DriverManager - Quitting all WebDrivers
2025-07-31 22:39:43.347 [TestNG-PoolService-8] ERROR com.automation.hooks.Hooks - Failed to take screenshot: Could not start a new session. Possible causes are invalid address of the remote server or browser start-up failure. 
Host info: host: 'Mrityunjoys-Mac-mini.local', ip: '127.0.0.1'
Build info: version: '4.15.0', revision: '1d14b5521b'
System info: os.name: 'Mac OS X', os.arch: 'aarch64', os.version: '15.5', java.version: '17.0.16'
Driver info: org.openqa.selenium.safari.SafariDriver
Command: [null, newSession {capabilities=[Capabilities {browserName: safari, safari.cleanSession: true, safari.useSimulator: false}]}]
Capabilities {browserName: safari, safari.cleanSession: true, safari.useSimulator: false}
2025-07-31 22:39:43.348 [TestNG-PoolService-8] INFO  com.automation.hooks.Hooks - Scenario completed: Get Comments for a Post - Status: FAILED
2025-07-31 22:39:43.348 [TestNG-PoolService-8] INFO  com.automation.hooks.Hooks - Test execution completed
2025-07-31 22:39:43.348 [TestNG-PoolService-8] INFO  com.automation.drivers.DriverManager - Quitting all WebDrivers
2025-07-31 22:39:43.357 [TestNG-PoolService-2] ERROR com.automation.hooks.Hooks - Failed to take screenshot: Could not start a new session. Possible causes are invalid address of the remote server or browser start-up failure. 
Host info: host: 'Mrityunjoys-Mac-mini.local', ip: '127.0.0.1'
Build info: version: '4.15.0', revision: '1d14b5521b'
System info: os.name: 'Mac OS X', os.arch: 'aarch64', os.version: '15.5', java.version: '17.0.16'
Driver info: org.openqa.selenium.safari.SafariDriver
Command: [null, newSession {capabilities=[Capabilities {browserName: safari, safari.cleanSession: true, safari.useSimulator: false}]}]
Capabilities {browserName: safari, safari.cleanSession: true, safari.useSimulator: false}
2025-07-31 22:39:43.357 [TestNG-PoolService-2] INFO  com.automation.hooks.Hooks - Scenario completed: Get Non-existent Post - Status: FAILED
2025-07-31 22:39:43.358 [TestNG-PoolService-1] ERROR com.automation.hooks.Hooks - Failed to take screenshot: Could not start a new session. Possible causes are invalid address of the remote server or browser start-up failure. 
Host info: host: 'Mrityunjoys-Mac-mini.local', ip: '127.0.0.1'
Build info: version: '4.15.0', revision: '1d14b5521b'
System info: os.name: 'Mac OS X', os.arch: 'aarch64', os.version: '15.5', java.version: '17.0.16'
Driver info: org.openqa.selenium.safari.SafariDriver
Command: [null, newSession {capabilities=[Capabilities {browserName: safari, safari.cleanSession: true, safari.useSimulator: false}]}]
Capabilities {browserName: safari, safari.cleanSession: true, safari.useSimulator: false}
2025-07-31 22:39:43.358 [TestNG-PoolService-1] INFO  com.automation.hooks.Hooks - Scenario completed: Get Single Post - Status: FAILED
2025-07-31 22:39:43.358 [TestNG-PoolService-5] ERROR com.automation.hooks.Hooks - Failed to take screenshot: Could not start a new session. Possible causes are invalid address of the remote server or browser start-up failure. 
Host info: host: 'Mrityunjoys-Mac-mini.local', ip: '127.0.0.1'
Build info: version: '4.15.0', revision: '1d14b5521b'
System info: os.name: 'Mac OS X', os.arch: 'aarch64', os.version: '15.5', java.version: '17.0.16'
Driver info: org.openqa.selenium.safari.SafariDriver
Command: [null, newSession {capabilities=[Capabilities {browserName: safari, safari.cleanSession: true, safari.useSimulator: false}]}]
Capabilities {browserName: safari, safari.cleanSession: true, safari.useSimulator: false}
2025-07-31 22:39:43.358 [TestNG-PoolService-5] INFO  com.automation.hooks.Hooks - Scenario completed: Partially Update Post - Status: FAILED
2025-07-31 22:39:43.358 [TestNG-PoolService-2] INFO  com.automation.hooks.Hooks - Test execution completed
2025-07-31 22:39:43.358 [TestNG-PoolService-1] INFO  com.automation.hooks.Hooks - Test execution completed
2025-07-31 22:39:43.358 [TestNG-PoolService-2] INFO  com.automation.drivers.DriverManager - Quitting all WebDrivers
2025-07-31 22:39:43.359 [TestNG-PoolService-1] INFO  com.automation.drivers.DriverManager - Quitting all WebDrivers
2025-07-31 22:39:43.359 [TestNG-PoolService-5] INFO  com.automation.hooks.Hooks - Test execution completed
2025-07-31 22:39:43.359 [TestNG-PoolService-5] INFO  com.automation.drivers.DriverManager - Quitting all WebDrivers
2025-07-31 22:39:43.364 [TestNG-PoolService-3] ERROR com.automation.hooks.Hooks - Failed to take screenshot: Could not start a new session. Possible causes are invalid address of the remote server or browser start-up failure. 
Host info: host: 'Mrityunjoys-Mac-mini.local', ip: '127.0.0.1'
Build info: version: '4.15.0', revision: '1d14b5521b'
System info: os.name: 'Mac OS X', os.arch: 'aarch64', os.version: '15.5', java.version: '17.0.16'
Driver info: org.openqa.selenium.safari.SafariDriver
Command: [null, newSession {capabilities=[Capabilities {browserName: safari, safari.cleanSession: true, safari.useSimulator: false}]}]
Capabilities {browserName: safari, safari.cleanSession: true, safari.useSimulator: false}
2025-07-31 22:39:43.364 [TestNG-PoolService-3] INFO  com.automation.hooks.Hooks - Scenario completed: Create New Post - Status: FAILED
2025-07-31 22:39:43.365 [TestNG-PoolService-3] INFO  com.automation.hooks.Hooks - Test execution completed
2025-07-31 22:39:43.365 [TestNG-PoolService-3] INFO  com.automation.drivers.DriverManager - Quitting all WebDrivers
2025-07-31 22:39:43.394 [TestNG-PoolService-0] ERROR com.automation.hooks.Hooks - Failed to take screenshot: Could not start a new session. Possible causes are invalid address of the remote server or browser start-up failure. 
Host info: host: 'Mrityunjoys-Mac-mini.local', ip: '127.0.0.1'
Build info: version: '4.15.0', revision: '1d14b5521b'
System info: os.name: 'Mac OS X', os.arch: 'aarch64', os.version: '15.5', java.version: '17.0.16'
Driver info: org.openqa.selenium.safari.SafariDriver
Command: [null, newSession {capabilities=[Capabilities {browserName: safari, safari.cleanSession: true, safari.useSimulator: false}]}]
Capabilities {browserName: safari, safari.cleanSession: true, safari.useSimulator: false}
2025-07-31 22:39:43.394 [TestNG-PoolService-7] ERROR com.automation.hooks.Hooks - Failed to take screenshot: Could not start a new session. Possible causes are invalid address of the remote server or browser start-up failure. 
Host info: host: 'Mrityunjoys-Mac-mini.local', ip: '127.0.0.1'
Build info: version: '4.15.0', revision: '1d14b5521b'
System info: os.name: 'Mac OS X', os.arch: 'aarch64', os.version: '15.5', java.version: '17.0.16'
Driver info: org.openqa.selenium.safari.SafariDriver
Command: [null, newSession {capabilities=[Capabilities {browserName: safari, safari.cleanSession: true, safari.useSimulator: false}]}]
Capabilities {browserName: safari, safari.cleanSession: true, safari.useSimulator: false}
2025-07-31 22:39:43.395 [TestNG-PoolService-0] INFO  com.automation.hooks.Hooks - Scenario completed: Get All Posts - Status: FAILED
2025-07-31 22:39:43.395 [TestNG-PoolService-7] INFO  com.automation.hooks.Hooks - Scenario completed: Get Posts by User ID - Status: FAILED
2025-07-31 22:39:43.395 [TestNG-PoolService-0] INFO  com.automation.hooks.Hooks - Test execution completed
2025-07-31 22:39:43.395 [TestNG-PoolService-0] INFO  com.automation.drivers.DriverManager - Quitting all WebDrivers
2025-07-31 22:39:43.395 [TestNG-PoolService-6] ERROR com.automation.hooks.Hooks - Failed to take screenshot: Could not start a new session. Possible causes are invalid address of the remote server or browser start-up failure. 
Host info: host: 'Mrityunjoys-Mac-mini.local', ip: '127.0.0.1'
Build info: version: '4.15.0', revision: '1d14b5521b'
System info: os.name: 'Mac OS X', os.arch: 'aarch64', os.version: '15.5', java.version: '17.0.16'
Driver info: org.openqa.selenium.safari.SafariDriver
Command: [null, newSession {capabilities=[Capabilities {browserName: safari, safari.cleanSession: true, safari.useSimulator: false}]}]
Capabilities {browserName: safari, safari.cleanSession: true, safari.useSimulator: false}
2025-07-31 22:39:43.395 [TestNG-PoolService-6] INFO  com.automation.hooks.Hooks - Scenario completed: Delete Post - Status: FAILED
2025-07-31 22:39:43.395 [TestNG-PoolService-7] INFO  com.automation.hooks.Hooks - Test execution completed
2025-07-31 22:39:43.395 [TestNG-PoolService-7] INFO  com.automation.drivers.DriverManager - Quitting all WebDrivers
2025-07-31 22:39:43.396 [TestNG-PoolService-6] INFO  com.automation.hooks.Hooks - Test execution completed
2025-07-31 22:39:43.396 [TestNG-PoolService-6] INFO  com.automation.drivers.DriverManager - Quitting all WebDrivers
2025-07-31 22:40:13.866 [TestNG-PoolService-2] INFO  com.automation.config.ConfigManager - Configuration properties loaded successfully
2025-07-31 22:40:13.867 [TestNG-PoolService-2] INFO  com.automation.hooks.Hooks - Starting test execution
2025-07-31 22:40:13.867 [TestNG-PoolService-4] INFO  com.automation.hooks.Hooks - Starting test execution
2025-07-31 22:40:13.867 [TestNG-PoolService-0] INFO  com.automation.hooks.Hooks - Starting test execution
2025-07-31 22:40:13.867 [TestNG-PoolService-3] INFO  com.automation.hooks.Hooks - Starting test execution
2025-07-31 22:40:13.867 [TestNG-PoolService-5] INFO  com.automation.hooks.Hooks - Starting test execution
2025-07-31 22:40:13.867 [TestNG-PoolService-1] INFO  com.automation.hooks.Hooks - Starting test execution
2025-07-31 22:40:13.869 [TestNG-PoolService-5] INFO  com.automation.hooks.Hooks - Starting scenario: Clear Search Results
2025-07-31 22:40:13.869 [TestNG-PoolService-1] INFO  com.automation.hooks.Hooks - Starting scenario: Search with Multiple Results
2025-07-31 22:40:13.869 [TestNG-PoolService-4] INFO  com.automation.hooks.Hooks - Starting scenario: Advanced Search with Quotes
2025-07-31 22:40:13.869 [TestNG-PoolService-2] INFO  com.automation.hooks.Hooks - Starting scenario: Search with No Results
2025-07-31 22:40:13.869 [TestNG-PoolService-3] INFO  com.automation.hooks.Hooks - Starting scenario: Search Suggestions
2025-07-31 22:40:13.869 [TestNG-PoolService-0] INFO  com.automation.hooks.Hooks - Starting scenario: Basic Google Search
2025-07-31 22:40:13.870 [TestNG-PoolService-1] WARN  com.automation.drivers.DriverManager - No WebDriver found for thread: 20, creating new instance
2025-07-31 22:40:13.870 [TestNG-PoolService-0] WARN  com.automation.drivers.DriverManager - No WebDriver found for thread: 19, creating new instance
2025-07-31 22:40:13.870 [TestNG-PoolService-4] WARN  com.automation.drivers.DriverManager - No WebDriver found for thread: 23, creating new instance
2025-07-31 22:40:13.870 [TestNG-PoolService-2] WARN  com.automation.drivers.DriverManager - No WebDriver found for thread: 21, creating new instance
2025-07-31 22:40:13.870 [TestNG-PoolService-5] WARN  com.automation.drivers.DriverManager - No WebDriver found for thread: 24, creating new instance
2025-07-31 22:40:13.870 [TestNG-PoolService-3] WARN  com.automation.drivers.DriverManager - No WebDriver found for thread: 22, creating new instance
2025-07-31 22:40:13.870 [TestNG-PoolService-1] INFO  com.automation.drivers.DriverManager - Initializing safari browser for thread: 20
2025-07-31 22:40:13.870 [TestNG-PoolService-0] INFO  com.automation.drivers.DriverManager - Initializing safari browser for thread: 19
2025-07-31 22:40:13.870 [TestNG-PoolService-4] INFO  com.automation.drivers.DriverManager - Initializing safari browser for thread: 23
2025-07-31 22:40:13.870 [TestNG-PoolService-5] INFO  com.automation.drivers.DriverManager - Initializing safari browser for thread: 24
2025-07-31 22:40:13.870 [TestNG-PoolService-3] INFO  com.automation.drivers.DriverManager - Initializing safari browser for thread: 22
2025-07-31 22:40:13.870 [TestNG-PoolService-2] INFO  com.automation.drivers.DriverManager - Initializing safari browser for thread: 21
2025-07-31 22:40:14.282 [TestNG-PoolService-4] INFO  com.automation.hooks.Hooks - Finishing scenario: Advanced Search with Quotes
2025-07-31 22:40:14.282 [TestNG-PoolService-1] INFO  com.automation.hooks.Hooks - Finishing scenario: Search with Multiple Results
2025-07-31 22:40:14.282 [TestNG-PoolService-2] INFO  com.automation.hooks.Hooks - Finishing scenario: Search with No Results
2025-07-31 22:40:14.282 [TestNG-PoolService-1] INFO  com.automation.hooks.Hooks - Scenario failed, taking screenshot
2025-07-31 22:40:14.282 [TestNG-PoolService-4] INFO  com.automation.hooks.Hooks - Scenario failed, taking screenshot
2025-07-31 22:40:14.282 [TestNG-PoolService-1] WARN  com.automation.drivers.DriverManager - No WebDriver found for thread: 20, creating new instance
2025-07-31 22:40:14.282 [TestNG-PoolService-2] INFO  com.automation.hooks.Hooks - Scenario failed, taking screenshot
2025-07-31 22:40:14.283 [TestNG-PoolService-4] WARN  com.automation.drivers.DriverManager - No WebDriver found for thread: 23, creating new instance
2025-07-31 22:40:14.283 [TestNG-PoolService-2] WARN  com.automation.drivers.DriverManager - No WebDriver found for thread: 21, creating new instance
2025-07-31 22:40:14.283 [TestNG-PoolService-1] INFO  com.automation.drivers.DriverManager - Initializing safari browser for thread: 20
2025-07-31 22:40:14.283 [TestNG-PoolService-4] INFO  com.automation.drivers.DriverManager - Initializing safari browser for thread: 23
2025-07-31 22:40:14.283 [TestNG-PoolService-3] INFO  com.automation.hooks.Hooks - Finishing scenario: Search Suggestions
2025-07-31 22:40:14.283 [TestNG-PoolService-2] INFO  com.automation.drivers.DriverManager - Initializing safari browser for thread: 21
2025-07-31 22:40:14.283 [TestNG-PoolService-0] INFO  com.automation.hooks.Hooks - Finishing scenario: Basic Google Search
2025-07-31 22:40:14.283 [TestNG-PoolService-3] INFO  com.automation.hooks.Hooks - Scenario failed, taking screenshot
2025-07-31 22:40:14.283 [TestNG-PoolService-0] INFO  com.automation.hooks.Hooks - Scenario failed, taking screenshot
2025-07-31 22:40:14.283 [TestNG-PoolService-0] WARN  com.automation.drivers.DriverManager - No WebDriver found for thread: 19, creating new instance
2025-07-31 22:40:14.283 [TestNG-PoolService-5] INFO  com.automation.hooks.Hooks - Finishing scenario: Clear Search Results
2025-07-31 22:40:14.283 [TestNG-PoolService-3] WARN  com.automation.drivers.DriverManager - No WebDriver found for thread: 22, creating new instance
2025-07-31 22:40:14.283 [TestNG-PoolService-5] INFO  com.automation.hooks.Hooks - Scenario failed, taking screenshot
2025-07-31 22:40:14.283 [TestNG-PoolService-0] INFO  com.automation.drivers.DriverManager - Initializing safari browser for thread: 19
2025-07-31 22:40:14.283 [TestNG-PoolService-3] INFO  com.automation.drivers.DriverManager - Initializing safari browser for thread: 22
2025-07-31 22:40:14.283 [TestNG-PoolService-5] WARN  com.automation.drivers.DriverManager - No WebDriver found for thread: 24, creating new instance
2025-07-31 22:40:14.283 [TestNG-PoolService-5] INFO  com.automation.drivers.DriverManager - Initializing safari browser for thread: 24
2025-07-31 22:40:14.420 [TestNG-PoolService-4] ERROR com.automation.hooks.Hooks - Failed to take screenshot: Could not start a new session. Possible causes are invalid address of the remote server or browser start-up failure. 
Host info: host: 'Mrityunjoys-Mac-mini.local', ip: '127.0.0.1'
Build info: version: '4.15.0', revision: '1d14b5521b'
System info: os.name: 'Mac OS X', os.arch: 'aarch64', os.version: '15.5', java.version: '17.0.16'
Driver info: org.openqa.selenium.safari.SafariDriver
Command: [null, newSession {capabilities=[Capabilities {browserName: safari, safari.cleanSession: true, safari.useSimulator: false}]}]
Capabilities {browserName: safari, safari.cleanSession: true, safari.useSimulator: false}
2025-07-31 22:40:14.420 [TestNG-PoolService-2] ERROR com.automation.hooks.Hooks - Failed to take screenshot: Could not start a new session. Possible causes are invalid address of the remote server or browser start-up failure. 
Host info: host: 'Mrityunjoys-Mac-mini.local', ip: '127.0.0.1'
Build info: version: '4.15.0', revision: '1d14b5521b'
System info: os.name: 'Mac OS X', os.arch: 'aarch64', os.version: '15.5', java.version: '17.0.16'
Driver info: org.openqa.selenium.safari.SafariDriver
Command: [null, newSession {capabilities=[Capabilities {browserName: safari, safari.cleanSession: true, safari.useSimulator: false}]}]
Capabilities {browserName: safari, safari.cleanSession: true, safari.useSimulator: false}
2025-07-31 22:40:14.421 [TestNG-PoolService-4] INFO  com.automation.hooks.Hooks - Scenario completed: Advanced Search with Quotes - Status: FAILED
2025-07-31 22:40:14.421 [TestNG-PoolService-4] INFO  com.automation.hooks.Hooks - Test execution completed
2025-07-31 22:40:14.422 [TestNG-PoolService-4] INFO  com.automation.drivers.DriverManager - Quitting all WebDrivers
2025-07-31 22:40:14.421 [TestNG-PoolService-2] INFO  com.automation.hooks.Hooks - Scenario completed: Search with No Results - Status: FAILED
2025-07-31 22:40:14.423 [TestNG-PoolService-2] INFO  com.automation.hooks.Hooks - Test execution completed
2025-07-31 22:40:14.423 [TestNG-PoolService-2] INFO  com.automation.drivers.DriverManager - Quitting all WebDrivers
2025-07-31 22:40:14.425 [TestNG-PoolService-1] ERROR com.automation.hooks.Hooks - Failed to take screenshot: Could not start a new session. Possible causes are invalid address of the remote server or browser start-up failure. 
Host info: host: 'Mrityunjoys-Mac-mini.local', ip: '127.0.0.1'
Build info: version: '4.15.0', revision: '1d14b5521b'
System info: os.name: 'Mac OS X', os.arch: 'aarch64', os.version: '15.5', java.version: '17.0.16'
Driver info: org.openqa.selenium.safari.SafariDriver
Command: [null, newSession {capabilities=[Capabilities {browserName: safari, safari.cleanSession: true, safari.useSimulator: false}]}]
Capabilities {browserName: safari, safari.cleanSession: true, safari.useSimulator: false}
2025-07-31 22:40:14.425 [TestNG-PoolService-0] ERROR com.automation.hooks.Hooks - Failed to take screenshot: Could not start a new session. Possible causes are invalid address of the remote server or browser start-up failure. 
Host info: host: 'Mrityunjoys-Mac-mini.local', ip: '127.0.0.1'
Build info: version: '4.15.0', revision: '1d14b5521b'
System info: os.name: 'Mac OS X', os.arch: 'aarch64', os.version: '15.5', java.version: '17.0.16'
Driver info: org.openqa.selenium.safari.SafariDriver
Command: [null, newSession {capabilities=[Capabilities {browserName: safari, safari.cleanSession: true, safari.useSimulator: false}]}]
Capabilities {browserName: safari, safari.cleanSession: true, safari.useSimulator: false}
2025-07-31 22:40:14.425 [TestNG-PoolService-1] INFO  com.automation.hooks.Hooks - Scenario completed: Search with Multiple Results - Status: FAILED
2025-07-31 22:40:14.425 [TestNG-PoolService-0] INFO  com.automation.hooks.Hooks - Scenario completed: Basic Google Search - Status: FAILED
2025-07-31 22:40:14.426 [TestNG-PoolService-1] INFO  com.automation.hooks.Hooks - Test execution completed
2025-07-31 22:40:14.426 [TestNG-PoolService-1] INFO  com.automation.drivers.DriverManager - Quitting all WebDrivers
2025-07-31 22:40:14.426 [TestNG-PoolService-0] INFO  com.automation.hooks.Hooks - Test execution completed
2025-07-31 22:40:14.426 [TestNG-PoolService-0] INFO  com.automation.drivers.DriverManager - Quitting all WebDrivers
2025-07-31 22:40:14.429 [TestNG-PoolService-3] ERROR com.automation.hooks.Hooks - Failed to take screenshot: Could not start a new session. Possible causes are invalid address of the remote server or browser start-up failure. 
Host info: host: 'Mrityunjoys-Mac-mini.local', ip: '127.0.0.1'
Build info: version: '4.15.0', revision: '1d14b5521b'
System info: os.name: 'Mac OS X', os.arch: 'aarch64', os.version: '15.5', java.version: '17.0.16'
Driver info: org.openqa.selenium.safari.SafariDriver
Command: [null, newSession {capabilities=[Capabilities {browserName: safari, safari.cleanSession: true, safari.useSimulator: false}]}]
Capabilities {browserName: safari, safari.cleanSession: true, safari.useSimulator: false}
2025-07-31 22:40:14.430 [TestNG-PoolService-3] INFO  com.automation.hooks.Hooks - Scenario completed: Search Suggestions - Status: FAILED
2025-07-31 22:40:14.430 [TestNG-PoolService-3] INFO  com.automation.hooks.Hooks - Test execution completed
2025-07-31 22:40:14.430 [TestNG-PoolService-3] INFO  com.automation.drivers.DriverManager - Quitting all WebDrivers
2025-07-31 22:40:14.430 [TestNG-PoolService-5] ERROR com.automation.hooks.Hooks - Failed to take screenshot: Could not start a new session. Possible causes are invalid address of the remote server or browser start-up failure. 
Host info: host: 'Mrityunjoys-Mac-mini.local', ip: '127.0.0.1'
Build info: version: '4.15.0', revision: '1d14b5521b'
System info: os.name: 'Mac OS X', os.arch: 'aarch64', os.version: '15.5', java.version: '17.0.16'
Driver info: org.openqa.selenium.safari.SafariDriver
Command: [null, newSession {capabilities=[Capabilities {browserName: safari, safari.cleanSession: true, safari.useSimulator: false}]}]
Capabilities {browserName: safari, safari.cleanSession: true, safari.useSimulator: false}
2025-07-31 22:40:14.430 [TestNG-PoolService-5] INFO  com.automation.hooks.Hooks - Scenario completed: Clear Search Results - Status: FAILED
2025-07-31 22:40:14.431 [TestNG-PoolService-5] INFO  com.automation.hooks.Hooks - Test execution completed
2025-07-31 22:40:14.431 [TestNG-PoolService-5] INFO  com.automation.drivers.DriverManager - Quitting all WebDrivers
2025-07-31 22:55:47.398 [TestNG-test=Surefire test-1] INFO  com.automation.config.ConfigManager - Configuration properties loaded successfully
2025-07-31 22:55:47.399 [TestNG-test=Surefire test-1] INFO  com.automation.hooks.Hooks - Starting test execution
2025-07-31 22:55:47.401 [TestNG-test=Surefire test-1] INFO  com.automation.hooks.Hooks - Starting scenario: Basic Google Search
2025-07-31 22:55:47.402 [TestNG-test=Surefire test-1] WARN  com.automation.drivers.DriverManager - No WebDriver found for thread: 17, creating new instance
2025-07-31 22:55:47.402 [TestNG-test=Surefire test-1] INFO  com.automation.drivers.DriverManager - Initializing safari browser for thread: 17
2025-07-31 22:55:47.750 [TestNG-test=Surefire test-1] INFO  com.automation.hooks.Hooks - Finishing scenario: Basic Google Search
2025-07-31 22:55:47.751 [TestNG-test=Surefire test-1] INFO  com.automation.hooks.Hooks - Scenario failed, taking screenshot
2025-07-31 22:55:47.751 [TestNG-test=Surefire test-1] WARN  com.automation.drivers.DriverManager - No WebDriver found for thread: 17, creating new instance
2025-07-31 22:55:47.751 [TestNG-test=Surefire test-1] INFO  com.automation.drivers.DriverManager - Initializing safari browser for thread: 17
2025-07-31 22:55:47.828 [TestNG-test=Surefire test-1] ERROR com.automation.hooks.Hooks - Failed to take screenshot: Could not start a new session. Possible causes are invalid address of the remote server or browser start-up failure. 
Host info: host: 'Mrityunjoys-Mac-mini.local', ip: '127.0.0.1'
Build info: version: '4.15.0', revision: '1d14b5521b'
System info: os.name: 'Mac OS X', os.arch: 'aarch64', os.version: '15.5', java.version: '17.0.16'
Driver info: org.openqa.selenium.safari.SafariDriver
Command: [null, newSession {capabilities=[Capabilities {browserName: safari, safari.cleanSession: true, safari.useSimulator: false}]}]
Capabilities {browserName: safari, safari.cleanSession: true, safari.useSimulator: false}
2025-07-31 22:55:47.828 [TestNG-test=Surefire test-1] INFO  com.automation.hooks.Hooks - Scenario completed: Basic Google Search - Status: FAILED
2025-07-31 22:55:47.829 [TestNG-test=Surefire test-1] INFO  com.automation.hooks.Hooks - Test execution completed
2025-07-31 22:55:47.829 [TestNG-test=Surefire test-1] INFO  com.automation.drivers.DriverManager - Quitting all WebDrivers
2025-07-31 23:00:52.060 [TestNG-PoolService-5] INFO  com.automation.config.ConfigManager - Configuration properties loaded successfully
2025-07-31 23:00:52.061 [TestNG-PoolService-5] INFO  com.automation.hooks.Hooks - Starting test execution
2025-07-31 23:00:52.061 [TestNG-PoolService-0] INFO  com.automation.hooks.Hooks - Starting test execution
2025-07-31 23:00:52.061 [TestNG-PoolService-1] INFO  com.automation.hooks.Hooks - Starting test execution
2025-07-31 23:00:52.061 [TestNG-PoolService-4] INFO  com.automation.hooks.Hooks - Starting test execution
2025-07-31 23:00:52.061 [TestNG-PoolService-2] INFO  com.automation.hooks.Hooks - Starting test execution
2025-07-31 23:00:52.061 [TestNG-PoolService-3] INFO  com.automation.hooks.Hooks - Starting test execution
2025-07-31 23:00:52.064 [TestNG-PoolService-1] INFO  com.automation.hooks.Hooks - Starting scenario: Search with Multiple Results
2025-07-31 23:00:52.064 [TestNG-PoolService-2] INFO  com.automation.hooks.Hooks - Starting scenario: Search with No Results
2025-07-31 23:00:52.064 [TestNG-PoolService-4] INFO  com.automation.hooks.Hooks - Starting scenario: Advanced Search with Quotes
2025-07-31 23:00:52.064 [TestNG-PoolService-0] INFO  com.automation.hooks.Hooks - Starting scenario: Basic Google Search
2025-07-31 23:00:52.064 [TestNG-PoolService-5] INFO  com.automation.hooks.Hooks - Starting scenario: Clear Search Results
2025-07-31 23:00:52.064 [TestNG-PoolService-3] INFO  com.automation.hooks.Hooks - Starting scenario: Search Suggestions
2025-07-31 23:00:52.064 [TestNG-PoolService-3] WARN  com.automation.drivers.DriverManager - No WebDriver found for thread: 22, creating new instance
2025-07-31 23:00:52.064 [TestNG-PoolService-1] WARN  com.automation.drivers.DriverManager - No WebDriver found for thread: 20, creating new instance
2025-07-31 23:00:52.064 [TestNG-PoolService-2] WARN  com.automation.drivers.DriverManager - No WebDriver found for thread: 21, creating new instance
2025-07-31 23:00:52.064 [TestNG-PoolService-5] WARN  com.automation.drivers.DriverManager - No WebDriver found for thread: 24, creating new instance
2025-07-31 23:00:52.064 [TestNG-PoolService-3] INFO  com.automation.drivers.DriverManager - Initializing chrome browser for thread: 22
2025-07-31 23:00:52.064 [TestNG-PoolService-4] WARN  com.automation.drivers.DriverManager - No WebDriver found for thread: 23, creating new instance
2025-07-31 23:00:52.064 [TestNG-PoolService-1] INFO  com.automation.drivers.DriverManager - Initializing chrome browser for thread: 20
2025-07-31 23:00:52.064 [TestNG-PoolService-0] WARN  com.automation.drivers.DriverManager - No WebDriver found for thread: 19, creating new instance
2025-07-31 23:00:52.064 [TestNG-PoolService-5] INFO  com.automation.drivers.DriverManager - Initializing chrome browser for thread: 24
2025-07-31 23:00:52.065 [TestNG-PoolService-4] INFO  com.automation.drivers.DriverManager - Initializing chrome browser for thread: 23
2025-07-31 23:00:52.064 [TestNG-PoolService-2] INFO  com.automation.drivers.DriverManager - Initializing chrome browser for thread: 21
2025-07-31 23:00:52.065 [TestNG-PoolService-0] INFO  com.automation.drivers.DriverManager - Initializing chrome browser for thread: 19
2025-07-31 23:00:54.646 [TestNG-PoolService-5] INFO  com.automation.drivers.DriverManager - WebDriver initialized successfully for thread: 24
2025-07-31 23:00:54.647 [TestNG-PoolService-2] INFO  com.automation.drivers.DriverManager - WebDriver initialized successfully for thread: 21
2025-07-31 23:00:54.647 [TestNG-PoolService-3] INFO  com.automation.drivers.DriverManager - WebDriver initialized successfully for thread: 22
2025-07-31 23:00:54.647 [TestNG-PoolService-4] INFO  com.automation.drivers.DriverManager - WebDriver initialized successfully for thread: 23
2025-07-31 23:00:54.647 [TestNG-PoolService-1] INFO  com.automation.drivers.DriverManager - WebDriver initialized successfully for thread: 20
2025-07-31 23:00:54.647 [TestNG-PoolService-4] INFO  com.automation.hooks.Hooks - Scenario Tags: [@ui, @google, @search, @advanced]
2025-07-31 23:00:54.647 [TestNG-PoolService-2] INFO  com.automation.hooks.Hooks - Scenario Tags: [@ui, @google, @search, @no_results]
2025-07-31 23:00:54.647 [TestNG-PoolService-1] INFO  com.automation.hooks.Hooks - Scenario Tags: [@ui, @google, @search, @multiple_results]
2025-07-31 23:00:54.647 [TestNG-PoolService-3] INFO  com.automation.hooks.Hooks - Scenario Tags: [@ui, @google, @search, @suggestions]
2025-07-31 23:00:54.647 [TestNG-PoolService-4] INFO  com.automation.hooks.Hooks - Scenario Line: 34
2025-07-31 23:00:54.647 [TestNG-PoolService-1] INFO  com.automation.hooks.Hooks - Scenario Line: 17
2025-07-31 23:00:54.648 [TestNG-PoolService-2] INFO  com.automation.hooks.Hooks - Scenario Line: 23
2025-07-31 23:00:54.648 [TestNG-PoolService-3] INFO  com.automation.hooks.Hooks - Scenario Line: 28
2025-07-31 23:00:54.647 [TestNG-PoolService-5] INFO  com.automation.hooks.Hooks - Scenario Tags: [@ui, @google, @search, @clear]
2025-07-31 23:00:54.648 [TestNG-PoolService-5] INFO  com.automation.hooks.Hooks - Scenario Line: 39
2025-07-31 23:00:54.649 [TestNG-PoolService-0] INFO  com.automation.drivers.DriverManager - WebDriver initialized successfully for thread: 19
2025-07-31 23:00:54.650 [TestNG-PoolService-0] INFO  com.automation.hooks.Hooks - Scenario Tags: [@ui, @google, @smoke, @search]
2025-07-31 23:00:54.650 [TestNG-PoolService-0] INFO  com.automation.hooks.Hooks - Scenario Line: 11
2025-07-31 23:00:54.662 [TestNG-PoolService-5] INFO  com.automation.steps.GoogleSearchSteps - Navigating to Google homepage
2025-07-31 23:00:54.662 [TestNG-PoolService-3] INFO  com.automation.steps.GoogleSearchSteps - Navigating to Google homepage
2025-07-31 23:00:54.662 [TestNG-PoolService-1] INFO  com.automation.steps.GoogleSearchSteps - Navigating to Google homepage
2025-07-31 23:00:54.663 [TestNG-PoolService-2] INFO  com.automation.steps.GoogleSearchSteps - Navigating to Google homepage
2025-07-31 23:00:54.662 [TestNG-PoolService-0] INFO  com.automation.steps.GoogleSearchSteps - Navigating to Google homepage
2025-07-31 23:00:54.663 [TestNG-PoolService-4] INFO  com.automation.steps.GoogleSearchSteps - Navigating to Google homepage
2025-07-31 23:00:54.663 [TestNG-PoolService-5] INFO  com.automation.pageobjects.GoogleSearchPage - Navigating to URL: https://www.google.com
2025-07-31 23:00:54.663 [TestNG-PoolService-1] INFO  com.automation.pageobjects.GoogleSearchPage - Navigating to URL: https://www.google.com
2025-07-31 23:00:54.663 [TestNG-PoolService-2] INFO  com.automation.pageobjects.GoogleSearchPage - Navigating to URL: https://www.google.com
2025-07-31 23:00:54.663 [TestNG-PoolService-3] INFO  com.automation.pageobjects.GoogleSearchPage - Navigating to URL: https://www.google.com
2025-07-31 23:00:54.663 [TestNG-PoolService-0] INFO  com.automation.pageobjects.GoogleSearchPage - Navigating to URL: https://www.google.com
2025-07-31 23:00:54.663 [TestNG-PoolService-4] INFO  com.automation.pageobjects.GoogleSearchPage - Navigating to URL: https://www.google.com
2025-07-31 23:00:55.778 [TestNG-PoolService-0] INFO  com.automation.steps.GoogleSearchSteps - Searching for: Selenium WebDriver
2025-07-31 23:00:55.779 [TestNG-PoolService-0] INFO  com.automation.pageobjects.GoogleSearchPage - Sending keys to element: By.name: q with text: Selenium WebDriver
2025-07-31 23:00:55.830 [TestNG-PoolService-5] INFO  com.automation.steps.GoogleSearchSteps - Searching for: test automation
2025-07-31 23:00:55.830 [TestNG-PoolService-5] INFO  com.automation.pageobjects.GoogleSearchPage - Sending keys to element: By.name: q with text: test automation
2025-07-31 23:00:55.842 [TestNG-PoolService-4] INFO  com.automation.steps.GoogleSearchSteps - Searching for: exact phrase search
2025-07-31 23:00:55.853 [TestNG-PoolService-4] INFO  com.automation.pageobjects.GoogleSearchPage - Sending keys to element: By.name: q with text: exact phrase search
2025-07-31 23:00:55.853 [TestNG-PoolService-2] INFO  com.automation.steps.GoogleSearchSteps - Searching for: xyz123nonexistentterm
2025-07-31 23:00:55.862 [TestNG-PoolService-2] INFO  com.automation.pageobjects.GoogleSearchPage - Sending keys to element: By.name: q with text: xyz123nonexistentterm
2025-07-31 23:00:55.933 [TestNG-PoolService-0] INFO  com.automation.pageobjects.GoogleSearchPage - Clicking on element: By.name: btnK
2025-07-31 23:00:55.992 [TestNG-PoolService-3] INFO  com.automation.steps.GoogleSearchSteps - Typing in search box: selenium
2025-07-31 23:00:55.994 [TestNG-PoolService-3] INFO  com.automation.pageobjects.GoogleSearchPage - Sending keys to element: By.name: q with text: selenium
2025-07-31 23:00:55.994 [TestNG-PoolService-1] INFO  com.automation.steps.GoogleSearchSteps - Searching for: Java programming
2025-07-31 23:00:55.997 [TestNG-PoolService-1] INFO  com.automation.pageobjects.GoogleSearchPage - Sending keys to element: By.name: q with text: Java programming
2025-07-31 23:00:56.025 [TestNG-PoolService-5] INFO  com.automation.pageobjects.GoogleSearchPage - Clicking on element: By.name: btnK
2025-07-31 23:00:56.111 [TestNG-PoolService-4] INFO  com.automation.pageobjects.GoogleSearchPage - Clicking on element: By.name: btnK
2025-07-31 23:00:56.112 [TestNG-PoolService-2] INFO  com.automation.pageobjects.GoogleSearchPage - Clicking on element: By.name: btnK
2025-07-31 23:00:56.156 [TestNG-PoolService-1] INFO  com.automation.pageobjects.GoogleSearchPage - Clicking on element: By.name: btnK
2025-07-31 23:00:56.172 [TestNG-PoolService-3] INFO  com.automation.steps.GoogleSearchSteps - Verifying search suggestions are displayed
2025-07-31 23:00:56.523 [TestNG-PoolService-0] INFO  com.automation.steps.GoogleSearchSteps - Verifying search results are displayed
2025-07-31 23:00:56.593 [TestNG-PoolService-5] INFO  com.automation.steps.GoogleSearchSteps - Clearing the search
2025-07-31 23:00:56.605 [TestNG-PoolService-5] INFO  com.automation.steps.GoogleSearchSteps - Verifying search box is empty
2025-07-31 23:00:56.616 [TestNG-PoolService-5] INFO  com.automation.steps.GoogleSearchSteps - Verifying we are back on the homepage
2025-07-31 23:00:56.619 [TestNG-PoolService-5] INFO  com.automation.hooks.Hooks - Finishing scenario: Clear Search Results
2025-07-31 23:00:56.676 [TestNG-PoolService-2] INFO  com.automation.steps.GoogleSearchSteps - Verifying no results message is displayed
2025-07-31 23:00:56.676 [TestNG-PoolService-4] INFO  com.automation.steps.GoogleSearchSteps - Verifying results contain exact phrase
2025-07-31 23:00:56.702 [TestNG-PoolService-5] INFO  com.automation.drivers.DriverManager - WebDriver quit successfully for thread: 24
2025-07-31 23:00:56.702 [TestNG-PoolService-5] INFO  com.automation.hooks.Hooks - Scenario completed: Clear Search Results - Status: PASSED
2025-07-31 23:00:56.702 [TestNG-PoolService-5] INFO  com.automation.hooks.Hooks - Test execution completed
2025-07-31 23:00:56.702 [TestNG-PoolService-5] INFO  com.automation.drivers.DriverManager - Quitting all WebDrivers
2025-07-31 23:00:56.720 [TestNG-PoolService-1] INFO  com.automation.steps.GoogleSearchSteps - Verifying multiple search results are displayed
2025-07-31 23:00:59.831 [TestNG-PoolService-5] INFO  com.automation.drivers.DriverManager - WebDriver quit successfully for thread: 19
2025-07-31 23:01:06.244 [TestNG-PoolService-3] INFO  com.automation.steps.GoogleSearchSteps - Verifying suggestions are related to: selenium
2025-07-31 23:01:06.258 [TestNG-PoolService-3] INFO  com.automation.hooks.Hooks - Finishing scenario: Search Suggestions
2025-07-31 23:01:06.339 [TestNG-PoolService-3] INFO  com.automation.drivers.DriverManager - WebDriver quit successfully for thread: 22
2025-07-31 23:01:06.339 [TestNG-PoolService-3] INFO  com.automation.hooks.Hooks - Scenario completed: Search Suggestions - Status: PASSED
2025-07-31 23:01:06.340 [TestNG-PoolService-3] INFO  com.automation.hooks.Hooks - Test execution completed
2025-07-31 23:01:06.340 [TestNG-PoolService-3] INFO  com.automation.drivers.DriverManager - Quitting all WebDrivers
2025-07-31 23:01:06.340 [TestNG-PoolService-3] INFO  com.automation.drivers.DriverManager - WebDriver quit successfully for thread: 19
2025-07-31 23:01:06.694 [TestNG-PoolService-4] INFO  com.automation.hooks.Hooks - Finishing scenario: Advanced Search with Quotes
2025-07-31 23:01:06.694 [TestNG-PoolService-4] INFO  com.automation.hooks.Hooks - Scenario failed, taking screenshot
2025-07-31 23:01:06.755 [TestNG-PoolService-1] INFO  com.automation.hooks.Hooks - Finishing scenario: Search with Multiple Results
2025-07-31 23:01:06.756 [TestNG-PoolService-1] INFO  com.automation.hooks.Hooks - Scenario failed, taking screenshot
2025-07-31 23:01:06.762 [TestNG-PoolService-2] INFO  com.automation.hooks.Hooks - Finishing scenario: Search with No Results
2025-07-31 23:01:06.762 [TestNG-PoolService-2] INFO  com.automation.hooks.Hooks - Scenario failed, taking screenshot
2025-07-31 23:01:06.820 [TestNG-PoolService-3] ERROR com.automation.drivers.DriverManager - Error quitting WebDriver for thread 20: Timed out waiting for driver server to stop.
Build info: version: '4.15.0', revision: '1d14b5521b'
System info: os.name: 'Mac OS X', os.arch: 'aarch64', os.version: '15.5', java.version: '17.0.16'
Driver info: org.openqa.selenium.chrome.ChromeDriver
Command: [d35ba261c87b468085b022604ed512f7, quit {}]
Capabilities {acceptInsecureCerts: false, browserName: chrome, browserVersion: 138.0.7204.184, chrome: {chromedriverVersion: 138.0.7204.183 (e90faf484dd..., userDataDir: /var/folders/5h/r5jt4jg114x...}, fedcm:accounts: true, goog:chromeOptions: {debuggerAddress: localhost:60091}, networkConnectionEnabled: false, pageLoadStrategy: normal, platformName: mac, proxy: Proxy(), se:cdp: ws://localhost:60091/devtoo..., se:cdpVersion: 138.0.7204.184, setWindowRect: true, strictFileInteractability: false, timeouts: {implicit: 0, pageLoad: 300000, script: 30000}, unhandledPromptBehavior: dismiss and notify, webauthn:extension:credBlob: true, webauthn:extension:largeBlob: true, webauthn:extension:minPinLength: true, webauthn:extension:prf: true, webauthn:virtualAuthenticators: true}
Session ID: d35ba261c87b468085b022604ed512f7
2025-07-31 23:01:06.830 [TestNG-PoolService-5] INFO  com.automation.drivers.DriverManager - WebDriver quit successfully for thread: 20
2025-07-31 23:01:07.090 [TestNG-PoolService-4] INFO  com.automation.utils.ScreenshotUtils - Screenshot saved: screenshots/failed_Advanced_Search_with_Quotes_20250731_230106.png
2025-07-31 23:01:07.155 [TestNG-PoolService-2] INFO  com.automation.utils.ScreenshotUtils - Screenshot saved: screenshots/failed_Search_with_No_Results_20250731_230106.png
2025-07-31 23:01:07.211 [TestNG-PoolService-5] ERROR com.automation.drivers.DriverManager - Error quitting WebDriver for thread 21: Timed out waiting for driver server to stop.
Build info: version: '4.15.0', revision: '1d14b5521b'
System info: os.name: 'Mac OS X', os.arch: 'aarch64', os.version: '15.5', java.version: '17.0.16'
Driver info: org.openqa.selenium.chrome.ChromeDriver
Command: [a027b69c9f0a1d2d88659b58f92a0e2f, quit {}]
Capabilities {acceptInsecureCerts: false, browserName: chrome, browserVersion: 138.0.7204.184, chrome: {chromedriverVersion: 138.0.7204.183 (e90faf484dd..., userDataDir: /var/folders/5h/r5jt4jg114x...}, fedcm:accounts: true, goog:chromeOptions: {debuggerAddress: localhost:60089}, networkConnectionEnabled: false, pageLoadStrategy: normal, platformName: mac, proxy: Proxy(), se:cdp: ws://localhost:60089/devtoo..., se:cdpVersion: 138.0.7204.184, setWindowRect: true, strictFileInteractability: false, timeouts: {implicit: 0, pageLoad: 300000, script: 30000}, unhandledPromptBehavior: dismiss and notify, webauthn:extension:credBlob: true, webauthn:extension:largeBlob: true, webauthn:extension:minPinLength: true, webauthn:extension:prf: true, webauthn:virtualAuthenticators: true}
Session ID: a027b69c9f0a1d2d88659b58f92a0e2f
2025-07-31 23:01:07.220 [TestNG-PoolService-3] INFO  com.automation.drivers.DriverManager - WebDriver quit successfully for thread: 21
2025-07-31 23:01:07.415 [TestNG-PoolService-4] INFO  com.automation.hooks.Hooks - Screenshot attached to scenario report
2025-07-31 23:01:07.459 [TestNG-PoolService-3] ERROR com.automation.drivers.DriverManager - Error quitting WebDriver for thread 23: Timed out waiting for driver server to stop.
Build info: version: '4.15.0', revision: '1d14b5521b'
System info: os.name: 'Mac OS X', os.arch: 'aarch64', os.version: '15.5', java.version: '17.0.16'
Driver info: org.openqa.selenium.chrome.ChromeDriver
Command: [4eb5f2f5337e73c66498e1d45804b3a6, quit {}]
Capabilities {acceptInsecureCerts: false, browserName: chrome, browserVersion: 138.0.7204.184, chrome: {chromedriverVersion: 138.0.7204.183 (e90faf484dd..., userDataDir: /var/folders/5h/r5jt4jg114x...}, fedcm:accounts: true, goog:chromeOptions: {debuggerAddress: localhost:60092}, networkConnectionEnabled: false, pageLoadStrategy: normal, platformName: mac, proxy: Proxy(), se:cdp: ws://localhost:60092/devtoo..., se:cdpVersion: 138.0.7204.184, setWindowRect: true, strictFileInteractability: false, timeouts: {implicit: 0, pageLoad: 300000, script: 30000}, unhandledPromptBehavior: dismiss and notify, webauthn:extension:credBlob: true, webauthn:extension:largeBlob: true, webauthn:extension:minPinLength: true, webauthn:extension:prf: true, webauthn:virtualAuthenticators: true}
Session ID: 4eb5f2f5337e73c66498e1d45804b3a6
2025-07-31 23:01:07.470 [TestNG-PoolService-5] INFO  com.automation.drivers.DriverManager - WebDriver quit successfully for thread: 23
2025-07-31 23:01:07.470 [TestNG-PoolService-4] INFO  com.automation.drivers.DriverManager - WebDriver quit successfully for thread: 23
2025-07-31 23:01:07.471 [TestNG-PoolService-4] INFO  com.automation.hooks.Hooks - Scenario completed: Advanced Search with Quotes - Status: FAILED
2025-07-31 23:01:07.471 [TestNG-PoolService-4] INFO  com.automation.hooks.Hooks - Test execution completed
2025-07-31 23:01:07.471 [TestNG-PoolService-4] INFO  com.automation.drivers.DriverManager - Quitting all WebDrivers
2025-07-31 23:03:59.753 [TestNG-PoolService-0] INFO  com.automation.hooks.Hooks - Finishing scenario: Basic Google Search
2025-07-31 23:03:59.753 [TestNG-PoolService-0] INFO  com.automation.hooks.Hooks - Scenario failed, taking screenshot
2025-07-31 23:03:59.753 [TestNG-PoolService-0] WARN  com.automation.drivers.DriverManager - No WebDriver found for thread: 19, creating new instance
2025-07-31 23:03:59.753 [TestNG-PoolService-0] INFO  com.automation.drivers.DriverManager - Initializing chrome browser for thread: 19
2025-07-31 23:04:01.141 [TestNG-PoolService-0] INFO  com.automation.drivers.DriverManager - WebDriver initialized successfully for thread: 19
2025-07-31 23:04:01.449 [TestNG-PoolService-0] INFO  com.automation.utils.ScreenshotUtils - Screenshot saved: screenshots/failed_Basic_Google_Search_20250731_230401.png
2025-07-31 23:04:01.740 [TestNG-PoolService-0] INFO  com.automation.hooks.Hooks - Screenshot attached to scenario report
2025-07-31 23:04:01.816 [TestNG-PoolService-0] INFO  com.automation.drivers.DriverManager - WebDriver quit successfully for thread: 19
2025-07-31 23:04:01.816 [TestNG-PoolService-0] INFO  com.automation.hooks.Hooks - Scenario completed: Basic Google Search - Status: FAILED
2025-07-31 23:04:01.816 [TestNG-PoolService-0] INFO  com.automation.hooks.Hooks - Test execution completed
2025-07-31 23:04:01.816 [TestNG-PoolService-0] INFO  com.automation.drivers.DriverManager - Quitting all WebDrivers
2025-07-31 23:04:06.765 [TestNG-PoolService-1] ERROR com.automation.hooks.Hooks - Failed to take screenshot: java.util.concurrent.TimeoutException
Build info: version: '4.15.0', revision: '1d14b5521b'
System info: os.name: 'Mac OS X', os.arch: 'aarch64', os.version: '15.5', java.version: '17.0.16'
Driver info: org.openqa.selenium.chrome.ChromeDriver
Command: [d35ba261c87b468085b022604ed512f7, screenshot {}]
Capabilities {acceptInsecureCerts: false, browserName: chrome, browserVersion: 138.0.7204.184, chrome: {chromedriverVersion: 138.0.7204.183 (e90faf484dd..., userDataDir: /var/folders/5h/r5jt4jg114x...}, fedcm:accounts: true, goog:chromeOptions: {debuggerAddress: localhost:60091}, networkConnectionEnabled: false, pageLoadStrategy: normal, platformName: mac, proxy: Proxy(), se:cdp: ws://localhost:60091/devtoo..., se:cdpVersion: 138.0.7204.184, setWindowRect: true, strictFileInteractability: false, timeouts: {implicit: 0, pageLoad: 300000, script: 30000}, unhandledPromptBehavior: dismiss and notify, webauthn:extension:credBlob: true, webauthn:extension:largeBlob: true, webauthn:extension:minPinLength: true, webauthn:extension:prf: true, webauthn:virtualAuthenticators: true}
2025-07-31 23:04:06.766 [TestNG-PoolService-1] INFO  com.automation.hooks.Hooks - Scenario completed: Search with Multiple Results - Status: FAILED
2025-07-31 23:04:06.767 [TestNG-PoolService-1] INFO  com.automation.hooks.Hooks - Test execution completed
2025-07-31 23:04:06.767 [TestNG-PoolService-1] INFO  com.automation.drivers.DriverManager - Quitting all WebDrivers
2025-07-31 23:04:07.164 [TestNG-PoolService-2] ERROR com.automation.utils.ScreenshotUtils - Failed to take screenshot as bytes: java.util.concurrent.TimeoutException
Build info: version: '4.15.0', revision: '1d14b5521b'
System info: os.name: 'Mac OS X', os.arch: 'aarch64', os.version: '15.5', java.version: '17.0.16'
Driver info: org.openqa.selenium.chrome.ChromeDriver
Command: [a027b69c9f0a1d2d88659b58f92a0e2f, screenshot {}]
Capabilities {acceptInsecureCerts: false, browserName: chrome, browserVersion: 138.0.7204.184, chrome: {chromedriverVersion: 138.0.7204.183 (e90faf484dd..., userDataDir: /var/folders/5h/r5jt4jg114x...}, fedcm:accounts: true, goog:chromeOptions: {debuggerAddress: localhost:60089}, networkConnectionEnabled: false, pageLoadStrategy: normal, platformName: mac, proxy: Proxy(), se:cdp: ws://localhost:60089/devtoo..., se:cdpVersion: 138.0.7204.184, setWindowRect: true, strictFileInteractability: false, timeouts: {implicit: 0, pageLoad: 300000, script: 30000}, unhandledPromptBehavior: dismiss and notify, webauthn:extension:credBlob: true, webauthn:extension:largeBlob: true, webauthn:extension:minPinLength: true, webauthn:extension:prf: true, webauthn:virtualAuthenticators: true}
2025-07-31 23:04:07.165 [TestNG-PoolService-2] INFO  com.automation.hooks.Hooks - Screenshot attached to scenario report
2025-07-31 23:04:07.166 [TestNG-PoolService-2] INFO  com.automation.hooks.Hooks - Scenario completed: Search with No Results - Status: FAILED
2025-07-31 23:04:07.167 [TestNG-PoolService-2] INFO  com.automation.hooks.Hooks - Test execution completed
2025-07-31 23:04:07.167 [TestNG-PoolService-2] INFO  com.automation.drivers.DriverManager - Quitting all WebDrivers
2025-07-31 23:23:52.156 [TestNG-PoolService-4] INFO  com.automation.config.ConfigManager - Configuration properties loaded successfully
2025-07-31 23:23:52.157 [TestNG-PoolService-4] INFO  com.automation.hooks.Hooks - Starting test execution
2025-07-31 23:23:52.157 [TestNG-PoolService-2] INFO  com.automation.hooks.Hooks - Starting test execution
2025-07-31 23:23:52.157 [TestNG-PoolService-0] INFO  com.automation.hooks.Hooks - Starting test execution
2025-07-31 23:23:52.157 [TestNG-PoolService-5] INFO  com.automation.hooks.Hooks - Starting test execution
2025-07-31 23:23:52.157 [TestNG-PoolService-3] INFO  com.automation.hooks.Hooks - Starting test execution
2025-07-31 23:23:52.157 [TestNG-PoolService-1] INFO  com.automation.hooks.Hooks - Starting test execution
2025-07-31 23:23:52.160 [TestNG-PoolService-5] INFO  com.automation.hooks.Hooks - Starting scenario: Clear Search Results
2025-07-31 23:23:52.160 [TestNG-PoolService-1] INFO  com.automation.hooks.Hooks - Starting scenario: Search with Multiple Results
2025-07-31 23:23:52.160 [TestNG-PoolService-0] INFO  com.automation.hooks.Hooks - Starting scenario: Basic Google Search
2025-07-31 23:23:52.160 [TestNG-PoolService-2] INFO  com.automation.hooks.Hooks - Starting scenario: Search with No Results
2025-07-31 23:23:52.160 [TestNG-PoolService-4] INFO  com.automation.hooks.Hooks - Starting scenario: Advanced Search with Quotes
2025-07-31 23:23:52.160 [TestNG-PoolService-3] INFO  com.automation.hooks.Hooks - Starting scenario: Search Suggestions
2025-07-31 23:23:52.160 [TestNG-PoolService-1] WARN  com.automation.drivers.DriverManager - No WebDriver found for thread: 20, creating new instance
2025-07-31 23:23:52.160 [TestNG-PoolService-3] WARN  com.automation.drivers.DriverManager - No WebDriver found for thread: 22, creating new instance
2025-07-31 23:23:52.160 [TestNG-PoolService-4] WARN  com.automation.drivers.DriverManager - No WebDriver found for thread: 23, creating new instance
2025-07-31 23:23:52.160 [TestNG-PoolService-0] WARN  com.automation.drivers.DriverManager - No WebDriver found for thread: 19, creating new instance
2025-07-31 23:23:52.161 [TestNG-PoolService-3] INFO  com.automation.drivers.DriverManager - Initializing chrome browser for thread: 22
2025-07-31 23:23:52.160 [TestNG-PoolService-5] WARN  com.automation.drivers.DriverManager - No WebDriver found for thread: 24, creating new instance
2025-07-31 23:23:52.160 [TestNG-PoolService-2] WARN  com.automation.drivers.DriverManager - No WebDriver found for thread: 21, creating new instance
2025-07-31 23:23:52.161 [TestNG-PoolService-4] INFO  com.automation.drivers.DriverManager - Initializing chrome browser for thread: 23
2025-07-31 23:23:52.160 [TestNG-PoolService-1] INFO  com.automation.drivers.DriverManager - Initializing chrome browser for thread: 20
2025-07-31 23:23:52.161 [TestNG-PoolService-0] INFO  com.automation.drivers.DriverManager - Initializing chrome browser for thread: 19
2025-07-31 23:23:52.161 [TestNG-PoolService-5] INFO  com.automation.drivers.DriverManager - Initializing chrome browser for thread: 24
2025-07-31 23:23:52.161 [TestNG-PoolService-2] INFO  com.automation.drivers.DriverManager - Initializing chrome browser for thread: 21
2025-07-31 23:23:54.690 [TestNG-PoolService-2] INFO  com.automation.drivers.DriverManager - WebDriver initialized successfully for thread: 21
2025-07-31 23:23:54.690 [TestNG-PoolService-4] INFO  com.automation.drivers.DriverManager - WebDriver initialized successfully for thread: 23
2025-07-31 23:23:54.690 [TestNG-PoolService-2] INFO  com.automation.hooks.Hooks - Scenario Tags: [@ui, @google, @search, @no_results]
2025-07-31 23:23:54.690 [TestNG-PoolService-4] INFO  com.automation.hooks.Hooks - Scenario Tags: [@ui, @google, @search, @advanced]
2025-07-31 23:23:54.690 [TestNG-PoolService-2] INFO  com.automation.hooks.Hooks - Scenario Line: 23
2025-07-31 23:23:54.690 [TestNG-PoolService-4] INFO  com.automation.hooks.Hooks - Scenario Line: 34
2025-07-31 23:23:54.697 [TestNG-PoolService-4] INFO  com.automation.steps.GoogleSearchSteps - Navigating to Google homepage
2025-07-31 23:23:54.697 [TestNG-PoolService-2] INFO  com.automation.steps.GoogleSearchSteps - Navigating to Google homepage
2025-07-31 23:23:54.697 [TestNG-PoolService-4] INFO  com.automation.pageobjects.GoogleSearchPage - Navigating to URL: https://www.google.com
2025-07-31 23:23:54.697 [TestNG-PoolService-2] INFO  com.automation.pageobjects.GoogleSearchPage - Navigating to URL: https://www.google.com
2025-07-31 23:23:54.707 [TestNG-PoolService-0] INFO  com.automation.drivers.DriverManager - WebDriver initialized successfully for thread: 19
2025-07-31 23:23:54.707 [TestNG-PoolService-1] INFO  com.automation.drivers.DriverManager - WebDriver initialized successfully for thread: 20
2025-07-31 23:23:54.707 [TestNG-PoolService-3] INFO  com.automation.drivers.DriverManager - WebDriver initialized successfully for thread: 22
2025-07-31 23:23:54.707 [TestNG-PoolService-0] INFO  com.automation.hooks.Hooks - Scenario Tags: [@ui, @google, @smoke, @search]
2025-07-31 23:23:54.707 [TestNG-PoolService-0] INFO  com.automation.hooks.Hooks - Scenario Line: 11
2025-07-31 23:23:54.707 [TestNG-PoolService-1] INFO  com.automation.hooks.Hooks - Scenario Tags: [@ui, @google, @search, @multiple_results]
2025-07-31 23:23:54.707 [TestNG-PoolService-3] INFO  com.automation.hooks.Hooks - Scenario Tags: [@ui, @google, @search, @suggestions]
2025-07-31 23:23:54.707 [TestNG-PoolService-5] INFO  com.automation.drivers.DriverManager - WebDriver initialized successfully for thread: 24
2025-07-31 23:23:54.707 [TestNG-PoolService-1] INFO  com.automation.hooks.Hooks - Scenario Line: 17
2025-07-31 23:23:54.707 [TestNG-PoolService-3] INFO  com.automation.hooks.Hooks - Scenario Line: 28
2025-07-31 23:23:54.708 [TestNG-PoolService-5] INFO  com.automation.hooks.Hooks - Scenario Tags: [@ui, @google, @search, @clear]
2025-07-31 23:23:54.708 [TestNG-PoolService-5] INFO  com.automation.hooks.Hooks - Scenario Line: 39
2025-07-31 23:23:54.708 [TestNG-PoolService-0] INFO  com.automation.steps.GoogleSearchSteps - Navigating to Google homepage
2025-07-31 23:23:54.708 [TestNG-PoolService-0] INFO  com.automation.pageobjects.GoogleSearchPage - Navigating to URL: https://www.google.com
2025-07-31 23:23:54.709 [TestNG-PoolService-1] INFO  com.automation.steps.GoogleSearchSteps - Navigating to Google homepage
2025-07-31 23:23:54.709 [TestNG-PoolService-1] INFO  com.automation.pageobjects.GoogleSearchPage - Navigating to URL: https://www.google.com
2025-07-31 23:23:54.709 [TestNG-PoolService-3] INFO  com.automation.steps.GoogleSearchSteps - Navigating to Google homepage
2025-07-31 23:23:54.709 [TestNG-PoolService-5] INFO  com.automation.steps.GoogleSearchSteps - Navigating to Google homepage
2025-07-31 23:23:54.709 [TestNG-PoolService-5] INFO  com.automation.pageobjects.GoogleSearchPage - Navigating to URL: https://www.google.com
2025-07-31 23:23:54.709 [TestNG-PoolService-3] INFO  com.automation.pageobjects.GoogleSearchPage - Navigating to URL: https://www.google.com
2025-07-31 23:23:56.516 [TestNG-PoolService-5] INFO  com.automation.steps.GoogleSearchSteps - Searching for: test automation
2025-07-31 23:23:56.519 [TestNG-PoolService-5] INFO  com.automation.pageobjects.GoogleSearchPage - Sending keys to element: By.name: q with text: test automation
2025-07-31 23:23:56.604 [TestNG-PoolService-4] INFO  com.automation.steps.GoogleSearchSteps - Searching for: exact phrase search
2025-07-31 23:23:56.605 [TestNG-PoolService-4] INFO  com.automation.pageobjects.GoogleSearchPage - Sending keys to element: By.name: q with text: exact phrase search
2025-07-31 23:23:56.643 [TestNG-PoolService-5] INFO  com.automation.pageobjects.GoogleSearchPage - Clicking on element: By.name: btnK
2025-07-31 23:23:56.764 [TestNG-PoolService-4] INFO  com.automation.pageobjects.GoogleSearchPage - Clicking on element: By.name: btnK
2025-07-31 23:23:56.919 [TestNG-PoolService-2] INFO  com.automation.steps.GoogleSearchSteps - Searching for: xyz123nonexistentterm
2025-07-31 23:23:56.919 [TestNG-PoolService-2] INFO  com.automation.pageobjects.GoogleSearchPage - Sending keys to element: By.name: q with text: xyz123nonexistentterm
2025-07-31 23:23:56.999 [TestNG-PoolService-0] INFO  com.automation.steps.GoogleSearchSteps - Searching for: Selenium WebDriver
2025-07-31 23:23:57.000 [TestNG-PoolService-0] INFO  com.automation.pageobjects.GoogleSearchPage - Sending keys to element: By.name: q with text: Selenium WebDriver
2025-07-31 23:23:57.000 [TestNG-PoolService-2] INFO  com.automation.pageobjects.GoogleSearchPage - Clicking on element: By.name: btnK
2025-07-31 23:23:57.096 [TestNG-PoolService-0] INFO  com.automation.pageobjects.GoogleSearchPage - Clicking on element: By.name: btnK
2025-07-31 23:23:57.165 [TestNG-PoolService-3] INFO  com.automation.steps.GoogleSearchSteps - Typing in search box: selenium
2025-07-31 23:23:57.168 [TestNG-PoolService-3] INFO  com.automation.pageobjects.GoogleSearchPage - Sending keys to element: By.name: q with text: selenium
2025-07-31 23:23:57.226 [TestNG-PoolService-5] INFO  com.automation.steps.GoogleSearchSteps - Clearing the search
2025-07-31 23:23:57.239 [TestNG-PoolService-5] INFO  com.automation.steps.GoogleSearchSteps - Verifying search box is empty
2025-07-31 23:23:57.250 [TestNG-PoolService-5] INFO  com.automation.steps.GoogleSearchSteps - Verifying we are back on the homepage
2025-07-31 23:23:57.253 [TestNG-PoolService-5] INFO  com.automation.hooks.Hooks - Finishing scenario: Clear Search Results
2025-07-31 23:23:57.274 [TestNG-PoolService-3] INFO  com.automation.steps.GoogleSearchSteps - Verifying search suggestions are displayed
2025-07-31 23:23:57.331 [TestNG-PoolService-4] INFO  com.automation.steps.GoogleSearchSteps - Verifying results contain exact phrase
2025-07-31 23:23:57.341 [TestNG-PoolService-5] INFO  com.automation.drivers.DriverManager - WebDriver quit successfully for thread: 24
2025-07-31 23:23:57.341 [TestNG-PoolService-5] INFO  com.automation.hooks.Hooks - Scenario completed: Clear Search Results - Status: PASSED
2025-07-31 23:23:57.342 [TestNG-PoolService-5] INFO  com.automation.hooks.Hooks - Test execution completed
2025-07-31 23:23:57.342 [TestNG-PoolService-5] INFO  com.automation.drivers.DriverManager - Quitting all WebDrivers
2025-07-31 23:23:57.429 [TestNG-PoolService-5] INFO  com.automation.drivers.DriverManager - WebDriver quit successfully for thread: 19
2025-07-31 23:23:57.619 [TestNG-PoolService-0] INFO  com.automation.hooks.Hooks - Finishing scenario: Basic Google Search
2025-07-31 23:23:57.620 [TestNG-PoolService-0] INFO  com.automation.hooks.Hooks - Scenario failed, taking screenshot
2025-07-31 23:23:57.621 [TestNG-PoolService-0] ERROR com.automation.hooks.Hooks - Failed to take screenshot: Session ID is null. Using WebDriver after calling quit()?
Build info: version: '4.15.0', revision: '1d14b5521b'
System info: os.name: 'Mac OS X', os.arch: 'aarch64', os.version: '15.5', java.version: '17.0.16'
Driver info: org.openqa.selenium.chrome.ChromeDriver
Command: [null, screenshot {}]
Capabilities {acceptInsecureCerts: false, browserName: chrome, browserVersion: 138.0.7204.184, chrome: {chromedriverVersion: 138.0.7204.183 (e90faf484dd..., userDataDir: /var/folders/5h/r5jt4jg114x...}, fedcm:accounts: true, goog:chromeOptions: {debuggerAddress: localhost:60558}, networkConnectionEnabled: false, pageLoadStrategy: normal, platformName: mac, proxy: Proxy(), se:cdp: ws://localhost:60558/devtoo..., se:cdpVersion: 138.0.7204.184, setWindowRect: true, strictFileInteractability: false, timeouts: {implicit: 0, pageLoad: 300000, script: 30000}, unhandledPromptBehavior: dismiss and notify, webauthn:extension:credBlob: true, webauthn:extension:largeBlob: true, webauthn:extension:minPinLength: true, webauthn:extension:prf: true, webauthn:virtualAuthenticators: true}
2025-07-31 23:23:57.621 [TestNG-PoolService-0] INFO  com.automation.drivers.DriverManager - WebDriver quit successfully for thread: 19
2025-07-31 23:23:57.621 [TestNG-PoolService-0] INFO  com.automation.hooks.Hooks - Scenario completed: Basic Google Search - Status: FAILED
2025-07-31 23:23:57.621 [TestNG-PoolService-0] INFO  com.automation.hooks.Hooks - Test execution completed
2025-07-31 23:23:57.621 [TestNG-PoolService-0] INFO  com.automation.drivers.DriverManager - Quitting all WebDrivers
2025-07-31 23:23:57.802 [TestNG-PoolService-0] ERROR com.automation.drivers.DriverManager - Error quitting WebDriver for thread 20: Timed out waiting for driver server to stop.
Build info: version: '4.15.0', revision: '1d14b5521b'
System info: os.name: 'Mac OS X', os.arch: 'aarch64', os.version: '15.5', java.version: '17.0.16'
Driver info: org.openqa.selenium.chrome.ChromeDriver
Command: [4517da66a287652dfeafa7ce0f6dc346, quit {}]
Capabilities {acceptInsecureCerts: false, browserName: chrome, browserVersion: 138.0.7204.184, chrome: {chromedriverVersion: 138.0.7204.183 (e90faf484dd..., userDataDir: /var/folders/5h/r5jt4jg114x...}, fedcm:accounts: true, goog:chromeOptions: {debuggerAddress: localhost:60560}, networkConnectionEnabled: false, pageLoadStrategy: normal, platformName: mac, proxy: Proxy(), se:cdp: ws://localhost:60560/devtoo..., se:cdpVersion: 138.0.7204.184, setWindowRect: true, strictFileInteractability: false, timeouts: {implicit: 0, pageLoad: 300000, script: 30000}, unhandledPromptBehavior: dismiss and notify, webauthn:extension:credBlob: true, webauthn:extension:largeBlob: true, webauthn:extension:minPinLength: true, webauthn:extension:prf: true, webauthn:virtualAuthenticators: true}
Session ID: 4517da66a287652dfeafa7ce0f6dc346
2025-07-31 23:23:57.814 [TestNG-PoolService-5] INFO  com.automation.drivers.DriverManager - WebDriver quit successfully for thread: 20
2025-07-31 23:23:57.874 [TestNG-PoolService-5] ERROR com.automation.drivers.DriverManager - Error quitting WebDriver for thread 21: Timed out waiting for driver server to stop.
Build info: version: '4.15.0', revision: '1d14b5521b'
System info: os.name: 'Mac OS X', os.arch: 'aarch64', os.version: '15.5', java.version: '17.0.16'
Driver info: org.openqa.selenium.chrome.ChromeDriver
Command: [e7d51b7422530214ce512c0cbeadc43f, quit {}]
Capabilities {acceptInsecureCerts: false, browserName: chrome, browserVersion: 138.0.7204.184, chrome: {chromedriverVersion: 138.0.7204.183 (e90faf484dd..., userDataDir: /var/folders/5h/r5jt4jg114x...}, fedcm:accounts: true, goog:chromeOptions: {debuggerAddress: localhost:60559}, networkConnectionEnabled: false, pageLoadStrategy: normal, platformName: mac, proxy: Proxy(), se:cdp: ws://localhost:60559/devtoo..., se:cdpVersion: 138.0.7204.184, setWindowRect: true, strictFileInteractability: false, timeouts: {implicit: 0, pageLoad: 300000, script: 30000}, unhandledPromptBehavior: dismiss and notify, webauthn:extension:credBlob: true, webauthn:extension:largeBlob: true, webauthn:extension:minPinLength: true, webauthn:extension:prf: true, webauthn:virtualAuthenticators: true}
Session ID: e7d51b7422530214ce512c0cbeadc43f
2025-07-31 23:23:57.885 [TestNG-PoolService-0] INFO  com.automation.drivers.DriverManager - WebDriver quit successfully for thread: 21
2025-07-31 23:23:58.026 [TestNG-PoolService-2] INFO  com.automation.hooks.Hooks - Finishing scenario: Search with No Results
2025-07-31 23:23:58.026 [TestNG-PoolService-2] INFO  com.automation.hooks.Hooks - Scenario failed, taking screenshot
2025-07-31 23:23:58.026 [TestNG-PoolService-2] ERROR com.automation.hooks.Hooks - Failed to take screenshot: Session ID is null. Using WebDriver after calling quit()?
Build info: version: '4.15.0', revision: '1d14b5521b'
System info: os.name: 'Mac OS X', os.arch: 'aarch64', os.version: '15.5', java.version: '17.0.16'
Driver info: org.openqa.selenium.chrome.ChromeDriver
Command: [null, screenshot {}]
Capabilities {acceptInsecureCerts: false, browserName: chrome, browserVersion: 138.0.7204.184, chrome: {chromedriverVersion: 138.0.7204.183 (e90faf484dd..., userDataDir: /var/folders/5h/r5jt4jg114x...}, fedcm:accounts: true, goog:chromeOptions: {debuggerAddress: localhost:60559}, networkConnectionEnabled: false, pageLoadStrategy: normal, platformName: mac, proxy: Proxy(), se:cdp: ws://localhost:60559/devtoo..., se:cdpVersion: 138.0.7204.184, setWindowRect: true, strictFileInteractability: false, timeouts: {implicit: 0, pageLoad: 300000, script: 30000}, unhandledPromptBehavior: dismiss and notify, webauthn:extension:credBlob: true, webauthn:extension:largeBlob: true, webauthn:extension:minPinLength: true, webauthn:extension:prf: true, webauthn:virtualAuthenticators: true}
2025-07-31 23:23:58.027 [TestNG-PoolService-2] INFO  com.automation.drivers.DriverManager - WebDriver quit successfully for thread: 21
2025-07-31 23:23:58.027 [TestNG-PoolService-2] INFO  com.automation.hooks.Hooks - Scenario completed: Search with No Results - Status: FAILED
2025-07-31 23:23:58.027 [TestNG-PoolService-2] INFO  com.automation.hooks.Hooks - Test execution completed
2025-07-31 23:23:58.027 [TestNG-PoolService-2] INFO  com.automation.drivers.DriverManager - Quitting all WebDrivers
2025-07-31 23:23:58.027 [TestNG-PoolService-2] INFO  com.automation.drivers.DriverManager - WebDriver quit successfully for thread: 20
2025-07-31 23:24:07.356 [TestNG-PoolService-0] ERROR com.automation.drivers.DriverManager - Error quitting WebDriver for thread 22: Timed out waiting for driver server to stop.
Build info: version: '4.15.0', revision: '1d14b5521b'
System info: os.name: 'Mac OS X', os.arch: 'aarch64', os.version: '15.5', java.version: '17.0.16'
Driver info: org.openqa.selenium.chrome.ChromeDriver
Command: [56338a0e2e44e3e39e05ff273e676df2, quit {}]
Capabilities {acceptInsecureCerts: false, browserName: chrome, browserVersion: 138.0.7204.184, chrome: {chromedriverVersion: 138.0.7204.183 (e90faf484dd..., userDataDir: /var/folders/5h/r5jt4jg114x...}, fedcm:accounts: true, goog:chromeOptions: {debuggerAddress: localhost:60562}, networkConnectionEnabled: false, pageLoadStrategy: normal, platformName: mac, proxy: Proxy(), se:cdp: ws://localhost:60562/devtoo..., se:cdpVersion: 138.0.7204.184, setWindowRect: true, strictFileInteractability: false, timeouts: {implicit: 0, pageLoad: 300000, script: 30000}, unhandledPromptBehavior: dismiss and notify, webauthn:extension:credBlob: true, webauthn:extension:largeBlob: true, webauthn:extension:minPinLength: true, webauthn:extension:prf: true, webauthn:virtualAuthenticators: true}
Session ID: 56338a0e2e44e3e39e05ff273e676df2
2025-07-31 23:24:07.367 [TestNG-PoolService-2] INFO  com.automation.drivers.DriverManager - WebDriver quit successfully for thread: 22
2025-07-31 23:24:07.367 [TestNG-PoolService-5] INFO  com.automation.drivers.DriverManager - WebDriver quit successfully for thread: 22
2025-07-31 23:24:07.395 [TestNG-PoolService-4] INFO  com.automation.hooks.Hooks - Finishing scenario: Advanced Search with Quotes
2025-07-31 23:24:07.396 [TestNG-PoolService-4] INFO  com.automation.hooks.Hooks - Scenario failed, taking screenshot
2025-07-31 23:24:07.501 [TestNG-PoolService-5] ERROR com.automation.drivers.DriverManager - Error quitting WebDriver for thread 23: Timed out waiting for driver server to stop.
Build info: version: '4.15.0', revision: '1d14b5521b'
System info: os.name: 'Mac OS X', os.arch: 'aarch64', os.version: '15.5', java.version: '17.0.16'
Driver info: org.openqa.selenium.chrome.ChromeDriver
Command: [331655f1c1ab590d4f2c932b226cc408, quit {}]
Capabilities {acceptInsecureCerts: false, browserName: chrome, browserVersion: 138.0.7204.184, chrome: {chromedriverVersion: 138.0.7204.183 (e90faf484dd..., userDataDir: /var/folders/5h/r5jt4jg114x...}, fedcm:accounts: true, goog:chromeOptions: {debuggerAddress: localhost:60557}, networkConnectionEnabled: false, pageLoadStrategy: normal, platformName: mac, proxy: Proxy(), se:cdp: ws://localhost:60557/devtoo..., se:cdpVersion: 138.0.7204.184, setWindowRect: true, strictFileInteractability: false, timeouts: {implicit: 0, pageLoad: 300000, script: 30000}, unhandledPromptBehavior: dismiss and notify, webauthn:extension:credBlob: true, webauthn:extension:largeBlob: true, webauthn:extension:minPinLength: true, webauthn:extension:prf: true, webauthn:virtualAuthenticators: true}
Session ID: 331655f1c1ab590d4f2c932b226cc408
2025-07-31 23:24:07.501 [TestNG-PoolService-2] ERROR com.automation.drivers.DriverManager - Error quitting WebDriver for thread 23: Timed out waiting for driver server to stop.
Build info: version: '4.15.0', revision: '1d14b5521b'
System info: os.name: 'Mac OS X', os.arch: 'aarch64', os.version: '15.5', java.version: '17.0.16'
Driver info: org.openqa.selenium.chrome.ChromeDriver
Command: [331655f1c1ab590d4f2c932b226cc408, quit {}]
Capabilities {acceptInsecureCerts: false, browserName: chrome, browserVersion: 138.0.7204.184, chrome: {chromedriverVersion: 138.0.7204.183 (e90faf484dd..., userDataDir: /var/folders/5h/r5jt4jg114x...}, fedcm:accounts: true, goog:chromeOptions: {debuggerAddress: localhost:60557}, networkConnectionEnabled: false, pageLoadStrategy: normal, platformName: mac, proxy: Proxy(), se:cdp: ws://localhost:60557/devtoo..., se:cdpVersion: 138.0.7204.184, setWindowRect: true, strictFileInteractability: false, timeouts: {implicit: 0, pageLoad: 300000, script: 30000}, unhandledPromptBehavior: dismiss and notify, webauthn:extension:credBlob: true, webauthn:extension:largeBlob: true, webauthn:extension:minPinLength: true, webauthn:extension:prf: true, webauthn:virtualAuthenticators: true}
Session ID: 331655f1c1ab590d4f2c932b226cc408
2025-07-31 23:24:07.510 [TestNG-PoolService-0] INFO  com.automation.drivers.DriverManager - WebDriver quit successfully for thread: 23
